warning: unused import: `crate::layout::SplitBoundary`
   --> crates\graph-tree\src\tree.rs:228:13
    |
228 |         use crate::layout::SplitBoundary;
    |             ^^^^^^^^^^^^^^^^^^^^^^^^^^^^
    |
    = note: `#[warn(unused_imports)]` (part of `#[warn(unused)]`) on by default

warning: unused import: `crate::layout::SplitBoundary`
   --> crates\graph-tree\src\tree.rs:291:13
    |
291 |         use crate::layout::SplitBoundary;
    |             ^^^^^^^^^^^^^^^^^^^^^^^^^^^^

warning: `graph-tree` (lib) generated 2 warnings (run `cargo fix --lib -p graph-tree` to apply 2 suggestions)
warning: unused import: `HashSet`
  --> crates\graph-canvas\src\layout\static_layouts.rs:19:33
   |
19 | use std::collections::{HashMap, HashSet, VecDeque};
   |                                 ^^^^^^^
   |
   = note: `#[warn(unused_imports)]` (part of `#[warn(unused)]`) on by default

warning: `graph-canvas` (lib) generated 1 warning (run `cargo fix --lib -p graph-canvas` to apply 1 suggestion)
warning: method `matches_text` is never used
  --> crates\graphshell-core\src\graph\filter.rs:52:8
   |
51 | impl FacetScalar {
   | ---------------- method in this implementation
52 |     fn matches_text(&self, text: &str) -> bool {
   |        ^^^^^^^^^^^^
   |
   = note: `#[warn(dead_code)]` (part of `#[warn(unused)]`) on by default

warning: `graphshell-core` (lib) generated 1 warning
warning: unexpected `cfg` condition value: `pdf`
   --> crates\registrar\register-viewer\src\lib.rs:357:15
    |
357 |         #[cfg(feature = "pdf")]
    |               ^^^^^^^^^^^^^^^ help: remove the condition
    |
    = note: no expected values for `feature`
    = help: consider adding `pdf` as a feature in `Cargo.toml`
    = note: see <https://doc.rust-lang.org/nightly/rustc/check-cfg/cargo-specifics.html> for more information about checking conditional configuration
    = note: `#[warn(unexpected_cfgs)]` on by default

warning: unexpected `cfg` condition value: `audio`
   --> crates\registrar\register-viewer\src\lib.rs:360:15
    |
360 |         #[cfg(feature = "audio")]
    |               ^^^^^^^^^^^^^^^^^ help: remove the condition
    |
    = note: no expected values for `feature`
    = help: consider adding `audio` as a feature in `Cargo.toml`
    = note: see <https://doc.rust-lang.org/nightly/rustc/check-cfg/cargo-specifics.html> for more information about checking conditional configuration

warning: unexpected `cfg` condition value: `pdf`
   --> crates\registrar\register-viewer\src\lib.rs:376:15
    |
376 |         #[cfg(feature = "pdf")]
    |               ^^^^^^^^^^^^^^^ help: remove the condition
    |
    = note: no expected values for `feature`
    = help: consider adding `pdf` as a feature in `Cargo.toml`
    = note: see <https://doc.rust-lang.org/nightly/rustc/check-cfg/cargo-specifics.html> for more information about checking conditional configuration

warning: unexpected `cfg` condition value: `audio`
   --> crates\registrar\register-viewer\src\lib.rs:388:15
    |
388 |         #[cfg(feature = "audio")]
    |               ^^^^^^^^^^^^^^^^^ help: remove the condition
    |
    = note: no expected values for `feature`
    = help: consider adding `audio` as a feature in `Cargo.toml`
    = note: see <https://doc.rust-lang.org/nightly/rustc/check-cfg/cargo-specifics.html> for more information about checking conditional configuration

warning: unexpected `cfg` condition value: `pdf`
   --> crates\registrar\register-viewer\src\lib.rs:410:15
    |
410 |         #[cfg(feature = "pdf")]
    |               ^^^^^^^^^^^^^^^ help: remove the condition
    |
    = note: no expected values for `feature`
    = help: consider adding `pdf` as a feature in `Cargo.toml`
    = note: see <https://doc.rust-lang.org/nightly/rustc/check-cfg/cargo-specifics.html> for more information about checking conditional configuration

warning: unexpected `cfg` condition value: `audio`
   --> crates\registrar\register-viewer\src\lib.rs:413:15
    |
413 |         #[cfg(feature = "audio")]
    |               ^^^^^^^^^^^^^^^^^ help: remove the condition
    |
    = note: no expected values for `feature`
    = help: consider adding `audio` as a feature in `Cargo.toml`
    = note: see <https://doc.rust-lang.org/nightly/rustc/check-cfg/cargo-specifics.html> for more information about checking conditional configuration

warning: `register-viewer` (lib) generated 6 warnings
warning: constant `LAYOUT_ID_DEFAULT` is never used
 --> crates\registrar\register-lens\src\layout.rs:3:11
  |
3 | pub const LAYOUT_ID_DEFAULT: &str = "layout:default";
  |           ^^^^^^^^^^^^^^^^^
  |
  = note: `#[warn(dead_code)]` (part of `#[warn(unused)]`) on by default

warning: constant `LAYOUT_ID_GRID` is never used
 --> crates\registrar\register-lens\src\layout.rs:4:11
  |
4 | pub const LAYOUT_ID_GRID: &str = "layout:grid";
  |           ^^^^^^^^^^^^^^

warning: struct `LayoutResolution` is never constructed
  --> crates\registrar\register-lens\src\layout.rs:19:12
   |
19 | pub struct LayoutResolution {
   |            ^^^^^^^^^^^^^^^^

warning: function `resolve_layout_mode` is never used
  --> crates\registrar\register-lens\src\layout.rs:27:8
   |
27 | pub fn resolve_layout_mode(layout_id: &str) -> LayoutResolution {
   |        ^^^^^^^^^^^^^^^^^^^

warning: function `layout_mode_id` is never used
  --> crates\registrar\register-lens\src\layout.rs:66:8
   |
66 | pub fn layout_mode_id(layout: &LayoutMode) -> &'static str {
   |        ^^^^^^^^^^^^^^

warning: unexpected `cfg` condition value: `egui-host`
   --> crates\registrar\register-input\src\lib.rs:106:11
    |
106 |     #[cfg(feature = "egui-host")]
    |           ^^^^^^^^^^^^^^^^^^^^^ help: remove the condition
    |
    = note: no expected values for `feature`
    = help: consider adding `egui-host` as a feature in `Cargo.toml`
    = note: see <https://doc.rust-lang.org/nightly/rustc/check-cfg/cargo-specifics.html> for more information about checking conditional configuration
    = note: `#[warn(unexpected_cfgs)]` on by default

warning: unexpected `cfg` condition value: `egui-host`
   --> crates\registrar\register-input\src\lib.rs:323:11
    |
323 |     #[cfg(feature = "egui-host")]
    |           ^^^^^^^^^^^^^^^^^^^^^ help: remove the condition
    |
    = note: no expected values for `feature`
    = help: consider adding `egui-host` as a feature in `Cargo.toml`
    = note: see <https://doc.rust-lang.org/nightly/rustc/check-cfg/cargo-specifics.html> for more information about checking conditional configuration

warning: `register-lens` (lib) generated 5 warnings
warning: `register-input` (lib) generated 2 warnings
    Checking graphshell v0.0.1 (C:\Users\mark_\Code\repos\graphshell)
warning: unused imports: `FrameHintTabRuntime`, `FrameTileGroupRuntimeState`, `GraphTooltipTarget`, and `WorkbenchNavigationGeometry`
   --> graph_app.rs:203:20
    |
203 |     ChromeUiState, FrameHintTabRuntime, FrameTileGroupRuntimeState, GraphTooltipTarget,
    |                    ^^^^^^^^^^^^^^^^^^^  ^^^^^^^^^^^^^^^^^^^^^^^^^^  ^^^^^^^^^^^^^^^^^^
204 |     GraphViewRuntimeState, NavigatorSpecialtyView, SemanticNavigationNodeRuntime,
205 |     SemanticNavigationRuntimeState, VisibleNavigationRegionSet, WorkbenchNavigationGeometry,
    |                                                                 ^^^^^^^^^^^^^^^^^^^^^^^^^^^
    |
    = note: `#[warn(unused_imports)]` (part of `#[warn(unused)]`) on by default

warning: unused imports: `GraphPhysicsTuning` and `apply_graph_physics_tuning`
   --> graph\physics.rs:158:5
    |
158 |     apply_graph_physics_tuning, default_graph_physics_state,
    |     ^^^^^^^^^^^^^^^^^^^^^^^^^^
159 |     DegreeRepulsionConfig, DomainClusteringConfig, GraphPhysicsExtensionConfig,
160 |     GraphPhysicsTuning, HubPullConfig, SemanticClusteringConfig,
    |     ^^^^^^^^^^^^^^^^^^

warning: unused import: `GraphBrowserApp`
  --> input\mod.rs:12:18
   |
12 |     EdgeCommand, GraphBrowserApp, GraphIntent, GraphMutation, ViewAction, WorkbenchIntent,
   |                  ^^^^^^^^^^^^^^^

warning: unused import: `WorkbenchIntent`
   --> shell\desktop\runtime\registries\mod.rs:136:5
    |
136 |     WorkbenchIntent,
    |     ^^^^^^^^^^^^^^^

warning: unused import: `std::path::PathBuf`
 --> shell\desktop\ui\gui_state.rs:6:5
  |
6 | use std::path::PathBuf;
  |     ^^^^^^^^^^^^^^^^^^

warning: unused import: `graphshell_core::viewer_host::ViewerSurfaceHost`
  --> shell\desktop\ui\gui_state.rs:32:5
   |
32 | use graphshell_core::viewer_host::ViewerSurfaceHost;
   |     ^^^^^^^^^^^^^^^^^^^^^^^^^^^^^^^^^^^^^^^^^^^^^^^

warning: unused import: `ToolbarEditable`
  --> shell\desktop\ui\gui_state.rs:62:19
   |
62 |     ToolbarDraft, ToolbarEditable, ToolbarState,
   |                   ^^^^^^^^^^^^^^^

warning: unused import: `graphshell_core::shell_state::authorities::FocusAuthorityMut`
   --> shell\desktop\ui\gui_state.rs:143:16
    |
143 | pub(crate) use graphshell_core::shell_state::authorities::FocusAuthorityMut;
    |                ^^^^^^^^^^^^^^^^^^^^^^^^^^^^^^^^^^^^^^^^^^^^^^^^^^^^^^^^^^^^

warning: unused import: `graphshell_core::shell_state::authorities::CommandAuthorityMut`
   --> shell\desktop\ui\gui_state.rs:266:16
    |
266 | pub(crate) use graphshell_core::shell_state::authorities::CommandAuthorityMut;
    |                ^^^^^^^^^^^^^^^^^^^^^^^^^^^^^^^^^^^^^^^^^^^^^^^^^^^^^^^^^^^^^^

warning: unused imports: `AtomicU64` and `Ordering`
  --> shell\desktop\ui\iced_app\mod.rs:80:25
   |
80 | use std::sync::atomic::{AtomicU64, Ordering};
   |                         ^^^^^^^^^  ^^^^^^^^

warning: unused import: `ContextMenuEntry`
  --> shell\desktop\ui\iced_app\mod.rs:88:44
   |
88 | use graphshell_iced_widgets::{ContextMenu, ContextMenuEntry, Modal, TileTab, TileTabs, animation, tokens};
   |                                            ^^^^^^^^^^^^^^^^

warning: unused import: `euclid::default::Vector2D`
  --> shell\desktop\ui\iced_app\state.rs:14:5
   |
14 | use euclid::default::Vector2D;
   |     ^^^^^^^^^^^^^^^^^^^^^^^^^

warning: unused import: `GraphCanvasState`
  --> shell\desktop\ui\iced_graph_canvas.rs:26:45
   |
26 |     GraphCanvasMessage, GraphCanvasProgram, GraphCanvasState,
   |                                             ^^^^^^^^^^^^^^^^

warning: unused import: `IcedTextureHandle`
  --> shell\desktop\ui\iced_host.rs:25:80
   |
25 | use crate::shell::desktop::ui::iced_host_ports::{CachedTexture, IcedHostPorts, IcedTextureHandle};
   |                                                                                ^^^^^^^^^^^^^^^^^

warning: unused import: `std::collections::HashSet`
  --> shell\desktop\workbench\ux_tree_source.rs:34:5
   |
34 | use std::collections::HashSet;
   |     ^^^^^^^^^^^^^^^^^^^^^^^^^

warning: unused imports: `GRAPHSHELL_SCHEME_PREFIX`, `GRAPH_SCHEME_PREFIX`, `NODE_SCHEME_PREFIX`, `NOTES_SCHEME_PREFIX`, `VERSO_SCHEME_PREFIX`, and `truncate_with_ellipsis`
  --> util.rs:22:5
   |
22 |     GRAPHSHELL_SCHEME_PREFIX, GRAPH_SCHEME_PREFIX, GraphAddress, GraphshellSettingsPath,
   |     ^^^^^^^^^^^^^^^^^^^^^^^^  ^^^^^^^^^^^^^^^^^^^
23 |     NODE_SCHEME_PREFIX, NOTES_SCHEME_PREFIX, NodeAddress, NoteAddress, VERSO_SCHEME_PREFIX,
   |     ^^^^^^^^^^^^^^^^^^  ^^^^^^^^^^^^^^^^^^^                            ^^^^^^^^^^^^^^^^^^^
24 |     VersoAddress, VersoViewTarget, truncate_with_ellipsis,
   |                                    ^^^^^^^^^^^^^^^^^^^^^^

warning: unused imports: `CompactCode` and `UdcEntry`
  --> registries\atomic\knowledge.rs:14:5
   |
14 |     CompactCode, KnowledgeRegistry, SemanticClassVector, TagValidationResult, UdcEntry,
   |     ^^^^^^^^^^^                                                               ^^^^^^^^

warning: unused imports: `ContentStream`, `ProtocolContractResolution`, `ProtocolError`, and `ProtocolHandler`
  --> registries\atomic\protocol.rs:16:5
   |
16 |     ContentStream, ProtocolContractRegistry, ProtocolContractResolution, ProtocolError,
   |     ^^^^^^^^^^^^^                            ^^^^^^^^^^^^^^^^^^^^^^^^^^  ^^^^^^^^^^^^^
17 |     ProtocolHandler,
   |     ^^^^^^^^^^^^^^^

warning: unused import: `ProtocolHandlerProvider`
  --> registries\atomic\protocol_provider.rs:14:36
   |
14 | pub(crate) use register_protocol::{ProtocolHandlerProvider, ProtocolHandlerProviders};
   |                                    ^^^^^^^^^^^^^^^^^^^^^^^

warning: unused import: `std::collections::HashMap`
  --> registries\atomic\viewer.rs:13:5
   |
13 | use std::collections::HashMap;
   |     ^^^^^^^^^^^^^^^^^^^^^^^^^

warning: unused imports: `VIEWER_ID_FALLBACK`, `ViewerDescriptor`, and `ViewerHandler`
  --> registries\atomic\viewer.rs:18:23
   |
18 |     ViewerCapability, ViewerDescriptor, ViewerHandler, ViewerRegistry, ViewerRenderMode,
   |                       ^^^^^^^^^^^^^^^^  ^^^^^^^^^^^^^
19 |     ViewerSelection, ViewerSubsystemCapabilities, VIEWER_ID_FALLBACK,
   |                                                   ^^^^^^^^^^^^^^^^^^

warning: `graphshell` (lib) generated 21 warnings (run `cargo fix --lib -p graphshell` to apply 21 suggestions)
    Finished `dev` profile [unoptimized + debuginfo] target(s) in 35.32s
