warning: unused import: `LinkTarget`
  --> crates\middlenet-netrender-bridge\examples\smoke_iced_shader.rs:38:39
   |
38 |     DocumentMeta, DocumentProvenance, LinkTarget, SemanticBlock, SemanticDocument,
   |                                       ^^^^^^^^^^
   |
   = note: `#[warn(unused_imports)]` (part of `#[warn(unused)]`) on by default

warning: fields `viewport_w` and `viewport_h` are never read
   --> crates\middlenet-netrender-bridge\examples\smoke_iced_shader.rs:113:5
    |
111 | struct BridgePrimitive {
    |        --------------- fields in this struct
112 |     scene: Arc<Mutex<Scene>>,
113 |     viewport_w: u32,
    |     ^^^^^^^^^^
114 |     viewport_h: u32,
    |     ^^^^^^^^^^
    |
    = note: `BridgePrimitive` has a derived impl for the trait `Debug`, but this is intentionally ignored during dead code analysis
    = note: `#[warn(dead_code)]` (part of `#[warn(unused)]`) on by default

warning: `middlenet-netrender-bridge` (example "smoke_iced_shader") generated 2 warnings (run `cargo fix --example "smoke_iced_shader" -p middlenet-netrender-bridge` to apply 1 suggestion)
    Finished `dev` profile [unoptimized + debuginfo] target(s) in 1.08s
     Running `target\debug\examples\smoke_iced_shader.exe`
App::new — render_document produced 8 blocks
App::new — netrender Scene encoded; handing to shader widget
BridgePipeline::new — constructing fake handles
BridgePipeline::new — netrender renderer up on iced's device

thread 'main' (61340) panicked at C:\Users\mark_\.cargo\registry\src\index.crates.io-1949cf8c6b5b557f\wgpu-29.0.1\src\backend\wgpu_core.rs:1277:26:
wgpu error: Validation Error

Caused by:
  In Device::create_bind_group
    Storage texture binding 5 expects format = Rgba8Unorm, but given a view with format = Bgra8Unorm


note: run with `RUST_BACKTRACE=1` environment variable to display a backtrace

thread 'main' (61340) panicked at C:\Users\mark_\.cargo\registry\src\index.crates.io-1949cf8c6b5b557f\wgpu-hal-29.0.1\src\vulkan\swapchain\native.rs:359:58:
Trying to destroy a SwapchainAcquireSemaphore that is still in use by a SurfaceTexture
stack backtrace:
   0:     0x7ff72cd3bad2 - std::backtrace_rs::backtrace::win64::trace
                               at /rustc/ded5c06cf21d2b93bffd5d884aa6e96934ee4234/library\std\src\..\..\backtrace\src\backtrace\win64.rs:85
   1:     0x7ff72cd3bad2 - std::backtrace_rs::backtrace::trace_unsynchronized
                               at /rustc/ded5c06cf21d2b93bffd5d884aa6e96934ee4234/library\std\src\..\..\backtrace\src\backtrace\mod.rs:66
   2:     0x7ff72cd3bad2 - std::sys::backtrace::_print_fmt
                               at /rustc/ded5c06cf21d2b93bffd5d884aa6e96934ee4234/library\std\src\sys\backtrace.rs:66
   3:     0x7ff72cd3bad2 - std::sys::backtrace::impl$0::print::impl$0::fmt
                               at /rustc/ded5c06cf21d2b93bffd5d884aa6e96934ee4234/library\std\src\sys\backtrace.rs:39
   4:     0x7ff72cd48bba - core::fmt::rt::Argument::fmt
                               at /rustc/ded5c06cf21d2b93bffd5d884aa6e96934ee4234/library\core\src\fmt\rt.rs:173
   5:     0x7ff72cd48bba - core::fmt::write
                               at /rustc/ded5c06cf21d2b93bffd5d884aa6e96934ee4234/library\core\src\fmt\mod.rs:1469
   6:     0x7ff72cd2b5d7 - std::io::default_write_fmt
                               at /rustc/ded5c06cf21d2b93bffd5d884aa6e96934ee4234/library\std\src\io\mod.rs:639
   7:     0x7ff72cd2b5d7 - std::io::Write::write_fmt<std::sys::stdio::windows::Stderr>
                               at /rustc/ded5c06cf21d2b93bffd5d884aa6e96934ee4234/library\std\src\io\mod.rs:1954
   8:     0x7ff72cd31c45 - std::sys::backtrace::BacktraceLock::print
                               at /rustc/ded5c06cf21d2b93bffd5d884aa6e96934ee4234/library\std\src\sys\backtrace.rs:42
   9:     0x7ff72cd35f29 - std::panicking::default_hook::closure$0
                               at /rustc/ded5c06cf21d2b93bffd5d884aa6e96934ee4234/library\std\src\panicking.rs:301
  10:     0x7ff72cd35d18 - std::panicking::default_hook
                               at /rustc/ded5c06cf21d2b93bffd5d884aa6e96934ee4234/library\std\src\panicking.rs:328
  11:     0x7ff72cd367ab - std::panicking::panic_with_hook
                               at /rustc/ded5c06cf21d2b93bffd5d884aa6e96934ee4234/library\std\src\panicking.rs:834
  12:     0x7ff72cd36579 - std::panicking::panic_handler::closure$0
                               at /rustc/ded5c06cf21d2b93bffd5d884aa6e96934ee4234/library\std\src\panicking.rs:707
  13:     0x7ff72cd31e4f - std::sys::backtrace::__rust_end_short_backtrace<std::panicking::panic_handler::closure_env$0,never$>
                               at /rustc/ded5c06cf21d2b93bffd5d884aa6e96934ee4234/library\std\src\sys\backtrace.rs:174
  14:     0x7ff72cd2891e - std::panicking::panic_handler
                               at /rustc/ded5c06cf21d2b93bffd5d884aa6e96934ee4234/library\std\src\panicking.rs:698
  15:     0x7ff72e35aa31 - core::panicking::panic_fmt
                               at /rustc/ded5c06cf21d2b93bffd5d884aa6e96934ee4234/library\core\src\panicking.rs:80
  16:     0x7ff72e35a1dc - core::panicking::panic_display
                               at /rustc/ded5c06cf21d2b93bffd5d884aa6e96934ee4234/library\core\src\panicking.rs:264
  17:     0x7ff72e35a1dc - core::option::expect_failed
                               at /rustc/ded5c06cf21d2b93bffd5d884aa6e96934ee4234/library\core\src\option.rs:2183
  18:     0x7ff72cae6524 - enum2$<core::option::Option<lock_api::mutex::Mutex<parking_lot::raw_mutex::RawMutex,wgpu_hal::vulkan::swapchain::native::SwapchainAcquireSemaphore> > >::expect<lock_api::mutex::Mutex<parking_lot::raw_mutex::RawMutex,wgpu_hal::vulkan::swapchain::native::Swa
                               at C:\Users\mark_\.rustup\toolchains\1.92.0-x86_64-pc-windows-msvc\lib\rustlib\src\rust\library\core\src\option.rs:970
  19:     0x7ff72db94df9 - wgpu_hal::vulkan::swapchain::native::impl$2::release_resources
                               at C:\Users\mark_\.cargo\registry\src\index.crates.io-1949cf8c6b5b557f\wgpu-hal-29.0.1\src\vulkan\swapchain\native.rs:359
  20:     0x7ff72cbb04af - wgpu_hal::vulkan::instance::impl$6::unconfigure
                               at C:\Users\mark_\.cargo\registry\src\index.crates.io-1949cf8c6b5b557f\wgpu-hal-29.0.1\src\vulkan\instance.rs:1018
  21:     0x7ff72d905e79 - wgpu_hal::dynamic::surface::impl$0::unconfigure<wgpu_hal::vulkan::Surface>
                               at C:\Users\mark_\.cargo\registry\src\index.crates.io-1949cf8c6b5b557f\wgpu-hal-29.0.1\src\dynamic\surface.rs:50
  22:     0x7ff72d9b425f - wgpu_core::instance::impl$5::drop
                               at C:\Users\mark_\.cargo\registry\src\index.crates.io-1949cf8c6b5b557f\wgpu-core-29.0.1\src\instance.rs:669
  23:     0x7ff72ca177df - core::ptr::drop_in_place<wgpu_core::instance::Surface>
                               at C:\Users\mark_\.rustup\toolchains\1.92.0-x86_64-pc-windows-msvc\lib\rustlib\src\rust\library\core\src\ptr\mod.rs:805
  24:     0x7ff72c9f3438 - alloc::sync::Arc<wgpu_core::instance::Surface,alloc::alloc::Global>::drop_slow<wgpu_core::instance::Surface,alloc::alloc::Global>
                               at C:\Users\mark_\.rustup\toolchains\1.92.0-x86_64-pc-windows-msvc\lib\rustlib\src\rust\library\alloc\src\sync.rs:1933
  25:     0x7ff72c9f7ed6 - alloc::sync::impl$40::drop<wgpu_core::instance::Surface,alloc::alloc::Global>
                               at C:\Users\mark_\.rustup\toolchains\1.92.0-x86_64-pc-windows-msvc\lib\rustlib\src\rust\library\alloc\src\sync.rs:2676
  26:     0x7ff72ca201be - core::ptr::drop_in_place<alloc::sync::Arc<wgpu_core::instance::Surface,alloc::alloc::Global> >
                               at C:\Users\mark_\.rustup\toolchains\1.92.0-x86_64-pc-windows-msvc\lib\rustlib\src\rust\library\core\src\ptr\mod.rs:805
  27:     0x7ff72da6d0cf - wgpu_core::global::Global::surface_drop
                               at C:\Users\mark_\.cargo\registry\src\index.crates.io-1949cf8c6b5b557f\wgpu-core-29.0.1\src\instance.rs:1092
  28:     0x7ff72d92b7e4 - wgpu::backend::wgpu_core::impl$58::drop
                               at C:\Users\mark_\.cargo\registry\src\index.crates.io-1949cf8c6b5b557f\wgpu-29.0.1\src\backend\wgpu_core.rs:3943
  29:     0x7ff72c99a7bf - core::ptr::drop_in_place<wgpu::backend::wgpu_core::CoreSurface>
                               at C:\Users\mark_\.rustup\toolchains\1.92.0-x86_64-pc-windows-msvc\lib\rustlib\src\rust\library\core\src\ptr\mod.rs:805
  30:     0x7ff72c9b7ff8 - alloc::sync::Arc<wgpu::backend::wgpu_core::CoreSurface,alloc::alloc::Global>::drop_slow<wgpu::backend::wgpu_core::CoreSurface,alloc::alloc::Global>
                               at C:\Users\mark_\.rustup\toolchains\1.92.0-x86_64-pc-windows-msvc\lib\rustlib\src\rust\library\alloc\src\sync.rs:1933
  31:     0x7ff72c9b8ec6 - alloc::sync::impl$40::drop<wgpu::backend::wgpu_core::CoreSurface,alloc::alloc::Global>
                               at C:\Users\mark_\.rustup\toolchains\1.92.0-x86_64-pc-windows-msvc\lib\rustlib\src\rust\library\alloc\src\sync.rs:2676
  32:     0x7ff72c99c55e - core::ptr::drop_in_place<alloc::sync::Arc<wgpu::backend::wgpu_core::CoreSurface,alloc::alloc::Global> >
                               at C:\Users\mark_\.rustup\toolchains\1.92.0-x86_64-pc-windows-msvc\lib\rustlib\src\rust\library\core\src\ptr\mod.rs:805
  33:     0x7ff72c99a008 - core::ptr::drop_in_place<enum2$<wgpu::dispatch::DispatchSurface> >
                               at C:\Users\mark_\.rustup\toolchains\1.92.0-x86_64-pc-windows-msvc\lib\rustlib\src\rust\library\core\src\ptr\mod.rs:805
  34:     0x7ff72c70d6ff - core::ptr::drop_in_place<wgpu::api::surface::Surface>
                               at C:\Users\mark_\.rustup\toolchains\1.92.0-x86_64-pc-windows-msvc\lib\rustlib\src\rust\library\core\src\ptr\mod.rs:805
  35:     0x7ff72c6b7400 - core::ptr::drop_in_place<enum2$<iced_renderer::fallback::Surface<wgpu::api::surface::Surface,iced_tiny_skia::window::compositor::Surface> > >
                               at C:\Users\mark_\.rustup\toolchains\1.92.0-x86_64-pc-windows-msvc\lib\rustlib\src\rust\library\core\src\ptr\mod.rs:805
  36:     0x7ff72c6b4f33 - core::ptr::drop_in_place<iced_winit::window::Window<iced::application::Application<iced_program::with_title::WithTitle<iced::application::application::Instance<smoke_iced_shader::App,enum2$<smoke_iced_shader::Message>,enum2$<iced_core::theme::Theme>,enum2$
                               at C:\Users\mark_\.rustup\toolchains\1.92.0-x86_64-pc-windows-msvc\lib\rustlib\src\rust\library\core\src\ptr\mod.rs:805
  37:     0x7ff72c6b2f16 - core::mem::maybe_uninit::MaybeUninit<iced_winit::window::Window<iced::application::Application<iced_program::with_title::WithTitle<iced::application::application::Instance<smoke_iced_shader::App,enum2$<smoke_iced_shader::Message>,enum2$<iced_core::theme::T
                               at C:\Users\mark_\.rustup\toolchains\1.92.0-x86_64-pc-windows-msvc\lib\rustlib\src\rust\library\core\src\mem\maybe_uninit.rs:809
  38:     0x7ff72c6b2f16 - alloc::collections::btree::node::impl$57::drop_key_val::impl$0::drop<iced_winit::window::Window<iced::application::Application<iced_program::with_title::WithTitle<iced::application::application::Instance<smoke_iced_shader::App,enum2$<smoke_iced_shader::Mes
                               at C:\Users\mark_\.rustup\toolchains\1.92.0-x86_64-pc-windows-msvc\lib\rustlib\src\rust\library\alloc\src\collections\btree\node.rs:1201
  39:     0x7ff72c6b703e - core::ptr::drop_in_place<alloc::collections::btree::node::impl$57::drop_key_val::Dropper<iced_winit::window::Window<iced::application::Application<iced_program::with_title::WithTitle<iced::application::application::Instance<smoke_iced_shader::App,enum2$<sm
                               at C:\Users\mark_\.rustup\toolchains\1.92.0-x86_64-pc-windows-msvc\lib\rustlib\src\rust\library\core\src\ptr\mod.rs:805
  40:     0x7ff72c63e00e - alloc::collections::btree::node::Handle<alloc::collections::btree::node::NodeRef<enum2$<alloc::collections::btree::node::marker::Dying>,iced_core::window::id::Id,iced_winit::window::Window<iced::application::Application<iced_program::with_title::WithTitle<
                               at C:\Users\mark_\.rustup\toolchains\1.92.0-x86_64-pc-windows-msvc\lib\rustlib\src\rust\library\alloc\src\collections\btree\node.rs:1214
  41:     0x7ff72c6c6d09 - alloc::collections::btree::map::impl$34::drop<iced_core::window::id::Id,iced_winit::window::Window<iced::application::Application<iced_program::with_title::WithTitle<iced::application::application::Instance<smoke_iced_shader::App,enum2$<smoke_iced_shader::
                               at C:\Users\mark_\.rustup\toolchains\1.92.0-x86_64-pc-windows-msvc\lib\rustlib\src\rust\library\alloc\src\collections\btree\map.rs:1754
  42:     0x7ff72c6b5a3e - core::ptr::drop_in_place<alloc::collections::btree::map::IntoIter<iced_core::window::id::Id,iced_winit::window::Window<iced::application::Application<iced_program::with_title::WithTitle<iced::application::application::Instance<smoke_iced_shader::App,enum2$
                               at C:\Users\mark_\.rustup\toolchains\1.92.0-x86_64-pc-windows-msvc\lib\rustlib\src\rust\library\core\src\ptr\mod.rs:805
  43:     0x7ff72c6c6920 - alloc::collections::btree::map::impl$0::drop<iced_core::window::id::Id,iced_winit::window::Window<iced::application::Application<iced_program::with_title::WithTitle<iced::application::application::Instance<smoke_iced_shader::App,enum2$<smoke_iced_shader::M
                               at C:\Users\mark_\.rustup\toolchains\1.92.0-x86_64-pc-windows-msvc\lib\rustlib\src\rust\library\alloc\src\collections\btree\map.rs:208
  44:     0x7ff72c6b5a1e - core::ptr::drop_in_place<alloc::collections::btree::map::BTreeMap<iced_core::window::id::Id,iced_winit::window::Window<iced::application::Application<iced_program::with_title::WithTitle<iced::application::application::Instance<smoke_iced_shader::App,enum2$
                               at C:\Users\mark_\.rustup\toolchains\1.92.0-x86_64-pc-windows-msvc\lib\rustlib\src\rust\library\core\src\ptr\mod.rs:805
  45:     0x7ff72c6b520e - core::ptr::drop_in_place<iced_winit::window::WindowManager<iced::application::Application<iced_program::with_title::WithTitle<iced::application::application::Instance<smoke_iced_shader::App,enum2$<smoke_iced_shader::Message>,enum2$<iced_core::theme::Theme>
                               at C:\Users\mark_\.rustup\toolchains\1.92.0-x86_64-pc-windows-msvc\lib\rustlib\src\rust\library\core\src\ptr\mod.rs:805
  46:     0x7ff72c6243cf - iced_winit::run_instance::async_fn$0<iced::application::Application<iced_program::with_title::WithTitle<iced::application::application::Instance<smoke_iced_shader::App,enum2$<smoke_iced_shader::Message>,enum2$<iced_core::theme::Theme>,enum2$<iced_renderer:
                               at C:\Users\mark_\Code\repos\graphshell\vendor\iced\winit\src\lib.rs:1191
  47:     0x7ffe584c0430 - _CxxFrameHandler3
  48:     0x7ffe584b3acd - is_exception_typeof
  49:     0x7ffe584bf8b8 - _C_specific_handler
  50:     0x7ffe584b2cd4 - is_exception_typeof
  51:     0x7ffe584c0241 - _CxxFrameHandler3
  52:     0x7ffe712a489f - _chkstk
  53:     0x7ffe7115e433 - RtlUnwindEx
  54:     0x7ffe584bfdae - _C_specific_handler
  55:     0x7ffe584b18f2 - is_exception_typeof
  56:     0x7ffe584b1d34 - is_exception_typeof
  57:     0x7ffe584b2dc3 - is_exception_typeof
  58:     0x7ffe584c0241 - _CxxFrameHandler3
  59:     0x7ffe712a481f - _chkstk
  60:     0x7ffe711621c7 - RtlLocateExtendedFeature
  61:     0x7ffe711d6c81 - RtlRaiseException
  62:     0x7ffe6e4a1eea - RaiseException
  63:     0x7ffe584b52c7 - CxxThrowException
  64:     0x7ff72cd3bfcd - panic_unwind::imp::throw_exception
                               at /rustc/ded5c06cf21d2b93bffd5d884aa6e96934ee4234/library\panic_unwind\src\seh.rs:366
  65:     0x7ff72cd3bea5 - panic_unwind::imp::panic
                               at /rustc/ded5c06cf21d2b93bffd5d884aa6e96934ee4234/library\panic_unwind\src\seh.rs:302
  66:     0x7ff72cd3bea5 - panic_unwind::__rust_start_panic
                               at /rustc/ded5c06cf21d2b93bffd5d884aa6e96934ee4234/library\panic_unwind\src\lib.rs:110
  67:     0x7ff72cd28605 - std::panicking::rust_panic
                               at /rustc/ded5c06cf21d2b93bffd5d884aa6e96934ee4234/library\std\src\panicking.rs:895
  68:     0x7ff72cd36823 - std::panicking::panic_with_hook
                               at /rustc/ded5c06cf21d2b93bffd5d884aa6e96934ee4234/library\std\src\panicking.rs:859
  69:     0x7ff72cd36579 - std::panicking::panic_handler::closure$0
                               at /rustc/ded5c06cf21d2b93bffd5d884aa6e96934ee4234/library\std\src\panicking.rs:707
  70:     0x7ff72cd31e4f - std::sys::backtrace::__rust_end_short_backtrace<std::panicking::panic_handler::closure_env$0,never$>
                               at /rustc/ded5c06cf21d2b93bffd5d884aa6e96934ee4234/library\std\src\sys\backtrace.rs:174
  71:     0x7ff72cd2891e - std::panicking::panic_handler
                               at /rustc/ded5c06cf21d2b93bffd5d884aa6e96934ee4234/library\std\src\panicking.rs:698
  72:     0x7ff72e35aa31 - core::panicking::panic_fmt
                               at /rustc/ded5c06cf21d2b93bffd5d884aa6e96934ee4234/library\core\src\panicking.rs:80
  73:     0x7ff72d92aa7c - wgpu::backend::wgpu_core::default_error_handler
                               at C:\Users\mark_\.cargo\registry\src\index.crates.io-1949cf8c6b5b557f\wgpu-29.0.1\src\backend\wgpu_core.rs:687
  74:     0x7ff72d926aef - wgpu::backend::wgpu_core::ErrorSinkRaw::handle_error_or_return_handler
                               at C:\Users\mark_\.cargo\registry\src\index.crates.io-1949cf8c6b5b557f\wgpu-29.0.1\src\backend\wgpu_core.rs:671
  75:     0x7ff72d9299b0 - wgpu::backend::wgpu_core::ContextWgpuCore::handle_error_inner
                               at C:\Users\mark_\.cargo\registry\src\index.crates.io-1949cf8c6b5b557f\wgpu-29.0.1\src\backend\wgpu_core.rs:299
  76:     0x7ff72d9289f1 - wgpu::backend::wgpu_core::ContextWgpuCore::handle_error<enum2$<wgpu_core::binding_model::CreateBindGroupError> >
                               at C:\Users\mark_\.cargo\registry\src\index.crates.io-1949cf8c6b5b557f\wgpu-29.0.1\src\backend\wgpu_core.rs:320
  77:     0x7ff72d92f7d2 - wgpu::backend::wgpu_core::impl$12::create_bind_group
                               at C:\Users\mark_\.cargo\registry\src\index.crates.io-1949cf8c6b5b557f\wgpu-29.0.1\src\backend\wgpu_core.rs:1277
  78:     0x7ff72cf98056 - wgpu::api::device::Device::create_bind_group
                               at C:\Users\mark_\.cargo\registry\src\index.crates.io-1949cf8c6b5b557f\wgpu-29.0.1\src\api\device.rs:233
  79:     0x7ff72cf32345 - vello::wgpu_engine::TransientBindMap::create_bind_group
                               at C:\Users\mark_\.cargo\git\checkouts\vello-348d5f1672e79ca5\ac0a35b\vello\src\wgpu_engine.rs:1205
  80:     0x7ff72cf2ef98 - vello::wgpu_engine::WgpuEngine::run_recording
                               at C:\Users\mark_\.cargo\git\checkouts\vello-348d5f1672e79ca5\ac0a35b\vello\src\wgpu_engine.rs:559
  81:     0x7ff72cf6002a - vello::Renderer::render_to_texture
                               at C:\Users\mark_\.cargo\git\checkouts\vello-348d5f1672e79ca5\ac0a35b\vello\src\lib.rs:493
  82:     0x7ff72ce42172 - netrender::vello_tile_rasterizer::VelloTileRasterizer::render
                               at C:\Users\mark_\Code\repos\webrender-wgpu\netrender\src\vello_tile_rasterizer.rs:206
  83:     0x7ff72c6ff94c - netrender::renderer::Renderer::render_vello
                               at C:\Users\mark_\Code\repos\webrender-wgpu\netrender\src\renderer\mod.rs:373
  84:     0x7ff72c692de5 - smoke_iced_shader::impl$0::render
                               at C:\Users\mark_\Code\repos\graphshell\crates\middlenet-netrender-bridge\examples\smoke_iced_shader.rs:149
  85:     0x7ff72c6d1441 - iced_wgpu::primitive::impl$0::render<smoke_iced_shader::BridgePrimitive>
                               at C:\Users\mark_\Code\repos\graphshell\vendor\iced\wgpu\src\primitive.rs:157
  86:     0x7ff72c818a04 - iced_wgpu::Renderer::render
                               at C:\Users\mark_\Code\repos\graphshell\vendor\iced\wgpu\src\lib.rs:574
  87:     0x7ff72c81798e - iced_wgpu::Renderer::draw
                               at C:\Users\mark_\Code\repos\graphshell\vendor\iced\wgpu\src\lib.rs:142
  88:     0x7ff72c81966c - iced_wgpu::Renderer::present
                               at C:\Users\mark_\Code\repos\graphshell\vendor\iced\wgpu\src\lib.rs:167
  89:     0x7ff72c66741a - iced_wgpu::window::compositor::present<iced_winit::run_instance::async_fn$0::closure_env$3<iced::application::Application<iced_program::with_title::WithTitle<iced::application::application::Instance<smoke_iced_shader::App,enum2$<smoke_iced_shader::Message>
                               at C:\Users\mark_\Code\repos\graphshell\vendor\iced\wgpu\src\window\compositor.rs:239
  90:     0x7ff72c66495f - iced_wgpu::window::compositor::impl$2::present<iced_winit::run_instance::async_fn$0::closure_env$3<iced::application::Application<iced_program::with_title::WithTitle<iced::application::application::Instance<smoke_iced_shader::App,enum2$<smoke_iced_shader::
                               at C:\Users\mark_\Code\repos\graphshell\vendor\iced\wgpu\src\window\compositor.rs:341
  91:     0x7ff72c63347e - iced_renderer::fallback::impl$6::present<iced_wgpu::window::compositor::Compositor,iced_tiny_skia::window::compositor::Compositor,iced_winit::run_instance::async_fn$0::closure_env$3<iced::application::Application<iced_program::with_title::WithTitle<iced::a
                               at C:\Users\mark_\Code\repos\graphshell\vendor\iced\renderer\src\fallback.rs:378
  92:     0x7ff72c62199b - iced_winit::run_instance::async_fn$0<iced::application::Application<iced_program::with_title::WithTitle<iced::application::application::Instance<smoke_iced_shader::App,enum2$<smoke_iced_shader::Message>,enum2$<iced_core::theme::Theme>,enum2$<iced_renderer:
                               at C:\Users\mark_\Code\repos\graphshell\vendor\iced\winit\src\lib.rs:932
  93:     0x7ff72c6270fa - iced_winit::run::Runner<enum2$<smoke_iced_shader::Message>,enum2$<iced_winit::run_instance::async_fn_env$0<iced::application::Application<iced_program::with_title::WithTitle<iced::application::application::Instance<smoke_iced_shader::App,enum2$<smoke_iced_
                               at C:\Users\mark_\Code\repos\graphshell\vendor\iced\winit\src\lib.rs:277
  94:     0x7ff72c628054 - iced_winit::run::impl$0::window_event<enum2$<smoke_iced_shader::Message>,enum2$<iced_winit::run_instance::async_fn_env$0<iced::application::Application<iced_program::with_title::WithTitle<iced::application::application::Instance<smoke_iced_shader::App,enum
                               at C:\Users\mark_\Code\repos\graphshell\vendor\iced\winit\src\lib.rs:213
  95:     0x7ff72c6d1aa9 - winit::event_loop::dispatch_event_for_app
                               at C:\Users\mark_\.cargo\git\checkouts\winit-865c6d5afb3ec9c3\05b8ff1\src\event_loop.rs:642
  96:     0x7ff72c6d1aa9 - winit::event_loop::impl$6::run_app::closure$0<enum2$<iced_runtime::Action<enum2$<smoke_iced_shader::Message> > >,iced_winit::run::Runner<enum2$<smoke_iced_shader::Message>,enum2$<iced_winit::run_instance::async_fn_env$0<iced::application::Application<iced_
                               at C:\Users\mark_\.cargo\git\checkouts\winit-865c6d5afb3ec9c3\05b8ff1\src\event_loop.rs:265
  97:     0x7ff72c62e6fd - winit::platform_impl::windows::event_loop::impl$3::run_on_demand::closure$0<enum2$<iced_runtime::Action<enum2$<smoke_iced_shader::Message> > >,winit::event_loop::impl$6::run_app::closure_env$0<enum2$<iced_runtime::Action<enum2$<smoke_iced_shader::Message> 
                               at C:\Users\mark_\.cargo\git\checkouts\winit-865c6d5afb3ec9c3\05b8ff1\src\platform_impl\windows\event_loop.rs:264
  98:     0x7ff72c78c918 - alloc::boxed::impl$30::call_mut<tuple$<enum2$<winit::event::Event<winit::platform_impl::windows::event_loop::UserEventPlaceholder> > >,dyn$<core::ops::function::FnMut<tuple$<enum2$<winit::event::Event<winit::platform_impl::windows::event_loop::UserEventPla
                               at C:\Users\mark_\.rustup\toolchains\1.92.0-x86_64-pc-windows-msvc\lib\rustlib\src\rust\library\alloc\src\boxed.rs:2012
  99:     0x7ff72c780e8c - winit::platform_impl::windows::event_loop::runner::impl$3::call_event_handler::closure$0<winit::platform_impl::windows::event_loop::UserEventPlaceholder>
                               at C:\Users\mark_\.cargo\git\checkouts\winit-865c6d5afb3ec9c3\05b8ff1\src\platform_impl\windows\event_loop\runner.rs:236
 100:     0x7ff72c782354 - core::panic::unwind_safe::impl$25::call_once<tuple$<>,winit::platform_impl::windows::event_loop::runner::impl$3::call_event_handler::closure_env$0<winit::platform_impl::windows::event_loop::UserEventPlaceholder> >
                               at C:\Users\mark_\.rustup\toolchains\1.92.0-x86_64-pc-windows-msvc\lib\rustlib\src\rust\library\core\src\panic\unwind_safe.rs:274
 101:     0x7ff72c784e24 - std::panicking::catch_unwind::do_call<core::panic::unwind_safe::AssertUnwindSafe<winit::platform_impl::windows::event_loop::runner::impl$3::call_event_handler::closure_env$0<winit::platform_impl::windows::event_loop::UserEventPlaceholder> >,tuple$<> >
                               at C:\Users\mark_\.rustup\toolchains\1.92.0-x86_64-pc-windows-msvc\lib\rustlib\src\rust\library\std\src\panicking.rs:590
 102:     0x7ff72c791ea3 - hashbrown::control::group::sse2::Group::convert_special_to_empty_and_full_to_deleted
 103:     0x7ff72c78ed0a - std::panicking::catch_unwind
                               at C:\Users\mark_\.rustup\toolchains\1.92.0-x86_64-pc-windows-msvc\lib\rustlib\src\rust\library\std\src\panicking.rs:553
 104:     0x7ff72c78ed0a - std::panic::catch_unwind<core::panic::unwind_safe::AssertUnwindSafe<winit::platform_impl::windows::event_loop::runner::impl$3::call_event_handler::closure_env$0<winit::platform_impl::windows::event_loop::UserEventPlaceholder> >,tuple$<> >
                               at C:\Users\mark_\.rustup\toolchains\1.92.0-x86_64-pc-windows-msvc\lib\rustlib\src\rust\library\std\src\panic.rs:359
 105:     0x7ff72c77fb8f - winit::platform_impl::windows::event_loop::runner::EventLoopRunner<winit::platform_impl::windows::event_loop::UserEventPlaceholder>::catch_unwind<winit::platform_impl::windows::event_loop::UserEventPlaceholder,tuple$<>,winit::platform_impl::windows::event_
                               at C:\Users\mark_\.cargo\git\checkouts\winit-865c6d5afb3ec9c3\05b8ff1\src\platform_impl\windows\event_loop\runner.rs:173
 106:     0x7ff72c780d8b - winit::platform_impl::windows::event_loop::runner::EventLoopRunner<winit::platform_impl::windows::event_loop::UserEventPlaceholder>::call_event_handler<winit::platform_impl::windows::event_loop::UserEventPlaceholder>
                               at C:\Users\mark_\.cargo\git\checkouts\winit-865c6d5afb3ec9c3\05b8ff1\src\platform_impl\windows\event_loop\runner.rs:230
 107:     0x7ff72c77f5d9 - winit::platform_impl::windows::event_loop::runner::EventLoopRunner<winit::platform_impl::windows::event_loop::UserEventPlaceholder>::send_event<winit::platform_impl::windows::event_loop::UserEventPlaceholder>
                               at C:\Users\mark_\.cargo\git\checkouts\winit-865c6d5afb3ec9c3\05b8ff1\src\platform_impl\windows\event_loop\runner.rs:210
 108:     0x7ff72c75d133 - winit::platform_impl::windows::event_loop::WindowData::send_event
                               at C:\Users\mark_\.cargo\git\checkouts\winit-865c6d5afb3ec9c3\05b8ff1\src\platform_impl\windows\event_loop.rs:129
 109:     0x7ff72c762e5d - winit::platform_impl::windows::event_loop::public_window_callback_inner::closure$4
                               at C:\Users\mark_\.cargo\git\checkouts\winit-865c6d5afb3ec9c3\05b8ff1\src\platform_impl\windows\event_loop.rs:1257
 110:     0x7ff72c77b907 - core::ops::function::FnOnce::call_once<winit::platform_impl::windows::event_loop::public_window_callback_inner::closure_env$4,tuple$<> >
                               at C:\Users\mark_\.rustup\toolchains\1.92.0-x86_64-pc-windows-msvc\lib\rustlib\src\rust\library\core\src\ops\function.rs:250
 111:     0x7ff72c782321 - core::panic::unwind_safe::impl$25::call_once<tuple$<>,winit::platform_impl::windows::event_loop::public_window_callback_inner::closure_env$4>
                               at C:\Users\mark_\.rustup\toolchains\1.92.0-x86_64-pc-windows-msvc\lib\rustlib\src\rust\library\core\src\panic\unwind_safe.rs:274
 112:     0x7ff72c784d4b - std::panicking::catch_unwind::do_call<core::panic::unwind_safe::AssertUnwindSafe<winit::platform_impl::windows::event_loop::public_window_callback_inner::closure_env$4>,tuple$<> >
                               at C:\Users\mark_\.rustup\toolchains\1.92.0-x86_64-pc-windows-msvc\lib\rustlib\src\rust\library\std\src\panicking.rs:590
 113:     0x7ff72c791ea3 - hashbrown::control::group::sse2::Group::convert_special_to_empty_and_full_to_deleted
 114:     0x7ff72c78eb84 - std::panicking::catch_unwind
                               at C:\Users\mark_\.rustup\toolchains\1.92.0-x86_64-pc-windows-msvc\lib\rustlib\src\rust\library\std\src\panicking.rs:553
 115:     0x7ff72c78eb84 - std::panic::catch_unwind<core::panic::unwind_safe::AssertUnwindSafe<winit::platform_impl::windows::event_loop::public_window_callback_inner::closure_env$4>,tuple$<> >
                               at C:\Users\mark_\.rustup\toolchains\1.92.0-x86_64-pc-windows-msvc\lib\rustlib\src\rust\library\std\src\panic.rs:359
 116:     0x7ff72c7802df - winit::platform_impl::windows::event_loop::runner::EventLoopRunner<winit::platform_impl::windows::event_loop::UserEventPlaceholder>::catch_unwind<winit::platform_impl::windows::event_loop::UserEventPlaceholder,tuple$<>,winit::platform_impl::windows::event_
                               at C:\Users\mark_\.cargo\git\checkouts\winit-865c6d5afb3ec9c3\05b8ff1\src\platform_impl\windows\event_loop\runner.rs:173
 117:     0x7ff72c76134e - winit::platform_impl::windows::event_loop::public_window_callback_inner
                               at C:\Users\mark_\.cargo\git\checkouts\winit-865c6d5afb3ec9c3\05b8ff1\src\platform_impl\windows\event_loop.rs:2439
 118:     0x7ff72c75ec9a - winit::platform_impl::windows::event_loop::public_window_callback
                               at C:\Users\mark_\.cargo\git\checkouts\winit-865c6d5afb3ec9c3\05b8ff1\src\platform_impl\windows\event_loop.rs:1098
 119:     0x7ffe6fc0c396 - CallWindowProcW
 120:     0x7ffe6fc0bc1c - SendMessageW
 121:     0x7ffe6fc422a3 - GetWindowDpiAwarenessContext
 122:     0x7ffe712a4104 - KiUserCallbackDispatcher
 123:     0x7ffe6ee918e4 - NtUserDispatchMessage
 124:     0x7ffe6fc0a958 - IsWindowUnicode
 125:     0x7ff72c62ea8c - winit::platform_impl::windows::event_loop::EventLoop<enum2$<iced_runtime::Action<enum2$<smoke_iced_shader::Message> > > >::dispatch_peeked_messages<enum2$<iced_runtime::Action<enum2$<smoke_iced_shader::Message> > > >
                               at C:\Users\mark_\.cargo\git\checkouts\winit-865c6d5afb3ec9c3\05b8ff1\src\platform_impl\windows\event_loop.rs:419
 126:     0x7ff72c62e4d1 - winit::platform_impl::windows::event_loop::EventLoop<enum2$<iced_runtime::Action<enum2$<smoke_iced_shader::Message> > > >::run_on_demand<enum2$<iced_runtime::Action<enum2$<smoke_iced_shader::Message> > >,winit::event_loop::impl$6::run_app::closure_env$0<en
                               at C:\Users\mark_\.cargo\git\checkouts\winit-865c6d5afb3ec9c3\05b8ff1\src\platform_impl\windows\event_loop.rs:277
 127:     0x7ff72c62ef46 - winit::platform_impl::windows::event_loop::EventLoop<enum2$<iced_runtime::Action<enum2$<smoke_iced_shader::Message> > > >::run<enum2$<iced_runtime::Action<enum2$<smoke_iced_shader::Message> > >,winit::event_loop::impl$6::run_app::closure_env$0<enum2$<iced_
                               at C:\Users\mark_\.cargo\git\checkouts\winit-865c6d5afb3ec9c3\05b8ff1\src\platform_impl\windows\event_loop.rs:233
 128:     0x7ff72c6d1982 - winit::event_loop::EventLoop<enum2$<iced_runtime::Action<enum2$<smoke_iced_shader::Message> > > >::run_app<enum2$<iced_runtime::Action<enum2$<smoke_iced_shader::Message> > >,iced_winit::run::Runner<enum2$<smoke_iced_shader::Message>,enum2$<iced_winit::run_
                               at C:\Users\mark_\.cargo\git\checkouts\winit-865c6d5afb3ec9c3\05b8ff1\src\event_loop.rs:265
 129:     0x7ff72c62675c - iced_winit::run<iced::application::Application<iced_program::with_title::WithTitle<iced::application::application::Instance<smoke_iced_shader::App,enum2$<smoke_iced_shader::Message>,enum2$<iced_core::theme::Theme>,enum2$<iced_renderer::fallback::Renderer<i
                               at C:\Users\mark_\Code\repos\graphshell\vendor\iced\winit\src\lib.rs:428
 130:     0x7ff72c6292fb - iced::application::Application<iced_program::with_title::WithTitle<iced::application::application::Instance<smoke_iced_shader::App,enum2$<smoke_iced_shader::Message>,enum2$<iced_core::theme::Theme>,enum2$<iced_renderer::fallback::Renderer<iced_wgpu::Render
                               at C:\Users\mark_\Code\repos\graphshell\vendor\iced\src\application.rs:209
 131:     0x7ff72c69299f - smoke_iced_shader::main
                               at C:\Users\mark_\Code\repos\graphshell\crates\middlenet-netrender-bridge\examples\smoke_iced_shader.rs:277
 132:     0x7ff72c6b43b3 - core::ops::function::FnOnce::call_once<enum2$<core::result::Result<tuple$<>,enum2$<iced::error::Error> > > (*)(),tuple$<> >
                               at C:\Users\mark_\.rustup\toolchains\1.92.0-x86_64-pc-windows-msvc\lib\rustlib\src\rust\library\core\src\ops\function.rs:250
 133:     0x7ff72c6152f6 - std::sys::backtrace::__rust_begin_short_backtrace<enum2$<core::result::Result<tuple$<>,enum2$<iced::error::Error> > > (*)(),enum2$<core::result::Result<tuple$<>,enum2$<iced::error::Error> > > >
                               at C:\Users\mark_\.rustup\toolchains\1.92.0-x86_64-pc-windows-msvc\lib\rustlib\src\rust\library\std\src\sys\backtrace.rs:158
 134:     0x7ff72c6e5fe6 - std::rt::lang_start::closure$0<enum2$<core::result::Result<tuple$<>,enum2$<iced::error::Error> > > >
                               at C:\Users\mark_\.rustup\toolchains\1.92.0-x86_64-pc-windows-msvc\lib\rustlib\src\rust\library\std\src\rt.rs:206
 135:     0x7ff72cd2c8d5 - std::rt::lang_start_internal::closure$0
                               at /rustc/ded5c06cf21d2b93bffd5d884aa6e96934ee4234/library\std\src\rt.rs:175
 136:     0x7ff72cd2c8d5 - std::panicking::catch_unwind::do_call
                               at /rustc/ded5c06cf21d2b93bffd5d884aa6e96934ee4234/library\std\src\panicking.rs:590
 137:     0x7ff72cd2c8d5 - std::panicking::catch_unwind
                               at /rustc/ded5c06cf21d2b93bffd5d884aa6e96934ee4234/library\std\src\panicking.rs:553
 138:     0x7ff72cd2c8d5 - std::panic::catch_unwind
                               at /rustc/ded5c06cf21d2b93bffd5d884aa6e96934ee4234/library\std\src\panic.rs:359
 139:     0x7ff72cd2c8d5 - std::rt::lang_start_internal
                               at /rustc/ded5c06cf21d2b93bffd5d884aa6e96934ee4234/library\std\src\rt.rs:171
 140:     0x7ff72c6e5fca - std::rt::lang_start<enum2$<core::result::Result<tuple$<>,enum2$<iced::error::Error> > > >
                               at C:\Users\mark_\.rustup\toolchains\1.92.0-x86_64-pc-windows-msvc\lib\rustlib\src\rust\library\std\src\rt.rs:205
 141:     0x7ff72c692e79 - main
 142:     0x7ff72e357e40 - invoke_main
                               at D:\a\_work\1\s\src\vctools\crt\vcstartup\src\startup\exe_common.inl:78
 143:     0x7ff72e357e40 - __scrt_common_main_seh
                               at D:\a\_work\1\s\src\vctools\crt\vcstartup\src\startup\exe_common.inl:288
 144:     0x7ffe6fa5e957 - BaseThreadInitThunk
 145:     0x7ffe711c79fc - RtlUserThreadStart
error: process didn't exit successfully: `target\debug\examples\smoke_iced_shader.exe` (exit code: 0xc0000409, STATUS_STACK_BUFFER_OVERRUN)
