    Updating crates.io index
     Locking 5 packages to latest Rust 1.92.0 compatible versions
      Adding fontique v0.8.0
      Adding netrender_text v0.0.1 (C:\Users\mark_\Code\repos\webrender-wgpu\netrender_text)
      Adding parlance v0.1.0
      Adding parley v0.8.0
      Adding parley_data v0.8.0
   Compiling stable_deref_trait v1.2.1
   Compiling syn v2.0.117
   Compiling parlance v0.1.0
   Compiling synstructure v0.13.2
   Compiling bytemuck_derive v1.10.2
   Compiling windows-implement v0.60.2
   Compiling zerocopy-derive v0.8.48
   Compiling thiserror-impl v2.0.18
   Compiling windows-interface v0.59.3
   Compiling zerofrom-derive v0.1.7
   Compiling yoke-derive v0.8.2
   Compiling zerovec-derive v0.11.3
   Compiling displaydoc v0.2.5
   Compiling windows-core v0.62.2
   Compiling zerofrom v0.1.7
   Compiling bytemuck v1.25.0
   Compiling thiserror v2.0.18
   Compiling zerocopy v0.8.48
   Compiling yoke v0.8.2
   Compiling windows-future v0.3.2
   Compiling windows-numerics v0.3.1
   Compiling windows-collections v0.3.2
   Compiling font-types v0.11.3
   Compiling wgpu-types v29.0.1
   Compiling read-fonts v0.39.2
   Compiling read-fonts v0.37.0
   Compiling zerovec v0.11.6
   Compiling zerotrie v0.2.4
   Compiling windows v0.62.2
   Compiling tinystr v0.8.3
   Compiling potential_utf v0.1.5
   Compiling icu_collections v2.2.0
   Compiling icu_locale_core v2.2.0
   Compiling half v2.7.1
   Compiling naga v29.0.1
   Compiling icu_provider v2.2.0
   Compiling icu_locale v2.2.0
   Compiling icu_properties v2.2.0
   Compiling icu_normalizer v2.2.0
   Compiling icu_segmenter v2.2.0
   Compiling skrifa v0.42.1
   Compiling parley_data v0.8.0
   Compiling harfrust v0.5.2
   Compiling skrifa v0.40.0
   Compiling vello_encoding v0.8.0 (https://github.com/linebender/vello?branch=main#ac0a35b4)
   Compiling vello_shaders v0.8.0 (https://github.com/linebender/vello?branch=main#ac0a35b4)
   Compiling wgpu-naga-bridge v29.0.1
   Compiling gpu-allocator v0.28.0 (C:\Users\mark_\Code\repos\servo-wgpu\support\patches\gpu-allocator)
   Compiling fontique v0.8.0
   Compiling wgpu-hal v29.0.1
   Compiling parley v0.8.0
   Compiling wgpu-core-deps-windows-linux-android v29.0.0
   Compiling wgpu-core v29.0.1
   Compiling wgpu v29.0.1
   Compiling vello v0.8.0 (https://github.com/linebender/vello?branch=main#ac0a35b4)
   Compiling netrender_device v0.0.1 (C:\Users\mark_\Code\repos\webrender-wgpu\netrender_device)
   Compiling netrender v0.0.1 (C:\Users\mark_\Code\repos\webrender-wgpu\netrender)
   Compiling netrender_text v0.0.1 (C:\Users\mark_\Code\repos\webrender-wgpu\netrender_text)
   Compiling middlenet-netrender-bridge v0.0.1 (C:\Users\mark_\Code\repos\graphshell\crates\middlenet-netrender-bridge)
    Finished `dev` profile [unoptimized + debuginfo] target(s) in 52.08s
     Running `target\debug\examples\smoke_parley.exe`
smoke_parley: loaded font C:\Windows\Fonts\segoeui.ttf (959752 bytes)
smoke_parley: laid out 33 chars across 1 lines (max_advance 420.0)
smoke_parley: wrote C:\Users\mark_\Code\repos\graphshell\crates\middlenet-netrender-bridge\examples\output\smoke_parley.png
  expected: 480x200 image, teal background, 'Hello, parley + netrender + vello' rendered at (30, 80) in Segoe UI
