   Compiling netrender v0.0.1 (C:\Users\mark_\Code\repos\webrender-wgpu\netrender)
   Compiling netrender_text v0.0.1 (C:\Users\mark_\Code\repos\webrender-wgpu\netrender_text)
   Compiling middlenet-netrender-bridge v0.0.1 (C:\Users\mark_\Code\repos\graphshell\crates\middlenet-netrender-bridge)
warning: unused import: `LinkTarget`
  --> crates\middlenet-netrender-bridge\examples\smoke_iced_shader.rs:38:39
   |
38 |     DocumentMeta, DocumentProvenance, LinkTarget, SemanticBlock, SemanticDocument,
   |                                       ^^^^^^^^^^
   |
   = note: `#[warn(unused_imports)]` (part of `#[warn(unused)]`) on by default

warning: fields `viewport_w` and `viewport_h` are never read
   --> crates\middlenet-netrender-bridge\examples\smoke_iced_shader.rs:113:5
    |
111 | struct BridgePrimitive {
    |        --------------- fields in this struct
112 |     scene: Arc<Mutex<Scene>>,
113 |     viewport_w: u32,
    |     ^^^^^^^^^^
114 |     viewport_h: u32,
    |     ^^^^^^^^^^
    |
    = note: `BridgePrimitive` has a derived impl for the trait `Debug`, but this is intentionally ignored during dead code analysis
    = note: `#[warn(dead_code)]` (part of `#[warn(unused)]`) on by default

warning: `middlenet-netrender-bridge` (example "smoke_iced_shader") generated 2 warnings (run `cargo fix --example "smoke_iced_shader" -p middlenet-netrender-bridge` to apply 1 suggestion)
    Finished `dev` profile [unoptimized + debuginfo] target(s) in 59.24s
