    Updating crates.io index
    Updating git repository `https://github.com/linebender/vello`
    Updating git repository `https://github.com/iced-rs/winit.git`
    Updating git repository `https://github.com/iced-rs/cryoglyph.git`
     Locking 597 packages to latest Rust 1.92.0 compatible versions
      Adding image v0.25.6 (available: v0.25.10)
      Adding js-sys v0.3.85 (available: v0.3.97)
      Adding png v0.17.16 (available: v0.18.1)
      Adding wasm-bindgen v0.2.108 (available: v0.2.120)
      Adding wasm-bindgen-futures v0.4.58 (available: v0.4.70)
      Adding wasm-bindgen-macro v0.2.108 (available: v0.2.120)
      Adding wasm-bindgen-macro-support v0.2.108 (available: v0.2.120)
      Adding wasm-bindgen-shared v0.2.108 (available: v0.2.120)
      Adding web-sys v0.3.85 (available: v0.3.97)
 Downloading crates ...
  Downloaded profiling-procmacros v1.0.18
  Downloaded profiling v1.0.18
  Downloaded utf8-width v0.1.8
  Downloaded imgref v1.12.1
  Downloaded html-escape v0.2.13
  Downloaded siphasher v1.0.3
  Downloaded thin-vec v0.2.18
  Downloaded selectors v0.37.0
  Downloaded tokio v1.52.2
  Downloaded stylo_taffy v0.3.0-alpha.2
  Downloaded stylo_traits v0.16.0
  Downloaded parley v0.9.0
  Downloaded stylo_static_prefs v0.16.0
  Downloaded stylo_malloc_size_of v0.16.0
  Downloaded stylo_dom v0.16.0
  Downloaded stylo_derive v0.16.0
  Downloaded stylo_atoms v0.16.0
  Downloaded parley_data v0.9.0
  Downloaded harfrust v0.6.0
  Downloaded fontique v0.9.0
  Downloaded debug_timer v0.1.3
  Downloaded blitz-traits v0.3.0-alpha.2
  Downloaded blitz-html v0.3.0-alpha.2
  Downloaded stylo v0.16.0
   Compiling proc-macro2 v1.0.106
   Compiling quote v1.0.45
   Compiling unicode-ident v1.0.24
   Compiling libm v0.2.16
   Compiling serde_core v1.0.228
   Compiling autocfg v1.5.0
   Compiling cfg-if v1.0.4
   Compiling windows-link v0.2.1
   Compiling smallvec v1.15.1
   Compiling log v0.4.29
   Compiling cfg_aliases v0.2.1
   Compiling arrayvec v0.7.6
   Compiling serde v1.0.228
   Compiling foldhash v0.2.0
   Compiling zerocopy v0.8.48
   Compiling parking_lot_core v0.9.12
   Compiling equivalent v1.0.2
   Compiling once_cell v1.21.4
   Compiling scopeguard v1.2.0
   Compiling thiserror v2.0.18
   Compiling stable_deref_trait v1.2.1
   Compiling siphasher v1.0.3
   Compiling lock_api v0.4.14
   Compiling new_debug_unreachable v1.0.6
   Compiling hashbrown v0.17.0
   Compiling raw-window-handle v0.6.2
   Compiling fastrand v2.4.1
   Compiling phf_shared v0.13.1
   Compiling unicode-width v0.2.2
   Compiling libc v0.2.186
   Compiling allocator-api2 v0.2.21
   Compiling rustc-hash v1.1.0
   Compiling num-traits v0.2.19
   Compiling hexf-parse v0.2.1
   Compiling crossbeam-utils v0.8.21
   Compiling simd-adler32 v0.3.9
   Compiling memchr v2.8.0
   Compiling phf_generator v0.13.1
   Compiling rayon-core v1.13.0
   Compiling linebender_resource_handle v0.1.1
   Compiling parking_lot v0.12.5
   Compiling indexmap v2.14.0
   Compiling rustc-hash v2.1.2
   Compiling writeable v0.6.3
   Compiling adler2 v2.0.1
   Compiling crc32fast v1.5.0
   Compiling libloading v0.8.9
   Compiling windows-result v0.4.1
   Compiling hashbrown v0.16.1
   Compiling miniz_oxide v0.8.9
   Compiling windows-strings v0.5.1
   Compiling either v1.15.0
   Compiling litemap v0.8.2
   Compiling futures-core v0.3.32
   Compiling utf8_iter v1.0.4
   Compiling bit-vec v0.9.1
   Compiling codespan-reporting v0.13.1
   Compiling syn v2.0.117
   Compiling memmap2 v0.9.10
   Compiling crossbeam-epoch v0.9.18
   Compiling flate2 v1.1.9
   Compiling bit-set v0.9.1
   Compiling khronos_api v3.1.0
   Compiling fdeflate v0.3.7
   Compiling windows-threading v0.2.1
   Compiling anyhow v1.0.102
   Compiling pin-project-lite v0.2.17
   Compiling icu_properties_data v2.2.0
   Compiling renderdoc-sys v1.1.0
   Compiling phf_codegen v0.13.1
   Compiling slab v0.4.12
   Compiling xml-rs v0.8.28
   Compiling bytes v1.11.1
   Compiling crossbeam-deque v0.8.6
   Compiling thiserror v1.0.69
   Compiling built v0.7.7
   Compiling paste v1.0.15
   Compiling nom v8.0.0
   Compiling naga v29.0.3
   Compiling icu_normalizer_data v2.2.0
   Compiling precomputed-hash v0.1.1
   Compiling unicode-segmentation v1.13.2
   Compiling ash v0.38.0+1.3.281
   Compiling static_assertions v1.1.0
   Compiling rav1e v0.7.1
   Compiling core_maths v0.1.1
   Compiling rayon v1.12.0
   Compiling bitflags v2.11.1
   Compiling gl_generator v0.14.0
   Compiling simd_helpers v0.1.0
   Compiling string_cache_codegen v0.6.1
   Compiling itertools v0.12.1
   Compiling spirv v0.4.0+sdk-1.4.341.0
   Compiling imgref v1.12.1
   Compiling khronos-egl v6.0.0
   Compiling futures-sink v0.3.32
   Compiling quick-error v2.0.1
   Compiling foldhash v0.1.5
   Compiling bitstream-io v2.6.0
   Compiling noop_proc_macro v0.3.0
   Compiling weezl v0.1.12
   Compiling litrs v1.0.0
   Compiling hashbrown v0.15.5
   Compiling futures-channel v0.3.32
   Compiling num-integer v0.1.46
   Compiling loop9 v0.1.5
   Compiling gpu-descriptor-types v0.2.0
   Compiling zune-inflate v0.2.54
   Compiling glutin_wgl_sys v0.6.1
   Compiling num-bigint v0.4.6
   Compiling avif-serialize v0.8.8
   Compiling wgpu-hal v29.0.3
   Compiling rgb v0.8.53
   Compiling color_quant v1.1.0
   Compiling document-features v0.2.12
   Compiling zune-core v0.4.12
   Compiling smol_str v0.3.6
   Compiling svg_fmt v0.4.5
   Compiling byteorder-lite v0.1.0
   Compiling bit_field v0.10.3
   Compiling futures-io v0.3.32
   Compiling presser v0.3.1
   Compiling fnv v1.0.7
   Compiling ident_case v1.0.1
   Compiling version_check v0.9.5
   Compiling bitflags v1.3.2
   Compiling futures-task v0.3.32
   Compiling jpeg-decoder v0.3.2
   Compiling lebe v0.5.3
   Compiling image-webp v0.2.4
   Compiling png v0.17.16
   Compiling zune-jpeg v0.4.21
   Compiling gif v0.13.3
   Compiling gpu-descriptor v0.3.2
   Compiling slotmap v1.1.1
   Compiling ordered-float v5.3.0
   Compiling num-rational v0.4.2
   Compiling smol_str v0.2.2
   Compiling range-alloc v0.1.5
   Compiling synstructure v0.13.2
   Compiling maybe-rayon v0.1.1
   Compiling tiff v0.9.1
   Compiling darling_core v0.20.11
   Compiling web-time v1.1.0
   Compiling itoa v1.0.18
   Compiling glow v0.17.0
   Compiling lilt v0.8.1
   Compiling wgpu-core v29.0.3
   Compiling dtoa v1.0.11
   Compiling icu_locale_data v2.2.0
   Compiling tinyvec_macros v0.1.1
   Compiling glam v0.25.0
   Compiling tinyvec v1.11.0
   Compiling dtoa-short v0.3.5
   Compiling ttf-parser v0.25.1
   Compiling tokio v1.52.2
   Compiling naga v28.0.0
   Compiling wgpu v29.0.3
   Compiling bit-vec v0.8.0
   Compiling icu_segmenter_data v2.2.0
   Compiling yazi v0.2.1
   Compiling zeno v0.3.3
   Compiling bit-set v0.8.0
   Compiling web_atoms v0.2.4
   Compiling selectors v0.37.0
   Compiling codespan-reporting v0.12.0
   Compiling wgpu-hal v28.0.1
   Compiling windows-sys v0.61.2
   Compiling smallbitvec v2.6.0
   Compiling unicode-script v0.5.8
   Compiling unicode-linebreak v0.1.5
   Compiling self_cell v1.2.2
   Compiling sys-locale v0.3.2
   Compiling rangemap v1.7.1
   Compiling thin-vec v0.2.18
   Compiling unicode-bidi v0.3.18
   Compiling bytemuck_derive v1.10.2
   Compiling serde_derive v1.0.228
   Compiling zerocopy-derive v0.8.48
   Compiling thiserror-impl v2.0.18
   Compiling zerofrom-derive v0.1.7
   Compiling profiling-procmacros v1.0.18
   Compiling yoke-derive v0.8.2
   Compiling zerovec-derive v0.11.3
   Compiling displaydoc v0.2.5
   Compiling profiling v1.0.18
   Compiling windows-interface v0.59.3
   Compiling windows-implement v0.60.2
   Compiling equator-macro v0.4.2
   Compiling num-derive v0.4.2
   Compiling thiserror-impl v1.0.69
   Compiling bytemuck v1.25.0
   Compiling phf_macros v0.13.1
   Compiling arg_enum_proc_macro v0.3.4
   Compiling windows-core v0.62.2
   Compiling zerofrom v0.1.7
   Compiling futures-macro v0.3.32
   Compiling equator v0.4.2
   Compiling darling_macro v0.20.11
   Compiling font-types v0.11.3
   Compiling wgpu-types v29.0.3
   Compiling qoi v0.4.1
   Compiling yoke v0.8.2
   Compiling aligned-vec v0.6.4
   Compiling iced_core v0.15.0-dev (C:\Users\mark_\Code\repos\graphshell\vendor\iced\core)
   Compiling cssparser-macros v0.6.1
   Compiling darling v0.20.11
   Compiling phf v0.13.1
   Compiling fontdb v0.23.0
   Compiling read-fonts v0.37.0
   Compiling v_frame v0.3.9
   Compiling zerovec v0.11.6
   Compiling zerotrie v0.2.4
   Compiling windows-collections v0.3.2
   Compiling windows-future v0.3.2
   Compiling windows-numerics v0.3.1
   Compiling av1-grain v0.2.5
   Compiling futures-util v0.3.32
   Compiling read-fonts v0.39.2
   Compiling derive_more-impl v2.1.1
   Compiling to_shmem_derive v0.1.0
   Compiling wgpu-types v28.0.0
   Compiling winapi-util v0.1.11
   Compiling windows v0.62.2
   Compiling tinystr v0.8.3
   Compiling potential_utf v0.1.5
   Compiling icu_locale_core v2.2.0
   Compiling icu_collections v2.2.0
   Compiling euclid v0.22.14
   Compiling string_cache v0.9.0
   Compiling servo_arc v0.4.3
   Compiling cssparser v0.36.0
   Compiling kurbo v0.13.0
   Compiling mutate_once v0.1.2
   Compiling derive_more v2.1.1
   Compiling color v0.3.2
   Compiling percent-encoding v2.3.2
   Compiling icu_provider v2.2.0
   Compiling to_shmem v0.3.0
   Compiling form_urlencoded v1.2.2
   Compiling kamadak-exif v0.6.1
   Compiling icu_properties v2.2.0
   Compiling icu_normalizer v2.2.0
   Compiling half v2.7.1
   Compiling icu_locale v2.2.0
   Compiling futures-executor v0.3.32
   Compiling app_units v0.7.8
   Compiling exr v1.74.0
   Compiling futures v0.3.32
   Compiling iced_futures v0.15.0-dev (C:\Users\mark_\Code\repos\graphshell\vendor\iced\futures)
   Compiling idna_adapter v1.2.2
   Compiling same-file v1.0.6
   Compiling idna v1.1.0
   Compiling tracing-attributes v0.1.31
   Compiling stylo_atoms v0.16.0
   Compiling icu_segmenter v2.2.0
   Compiling tracing-core v0.1.36
   Compiling wgpu-core v28.0.1
   Compiling void v1.0.2
   Compiling ravif v0.11.20
   Compiling parlance v0.1.0
   Compiling skrifa v0.40.0
   Compiling harfrust v0.5.2
   Compiling tracing v0.1.44
   Compiling stylo_malloc_size_of v0.16.0
   Compiling url v2.5.8
   Compiling walkdir v2.5.0
   Compiling wgpu v28.0.0
   Compiling windows_x86_64_msvc v0.53.1
   Compiling cursor-icon v1.2.0
   Compiling utf-8 v0.7.6
   Compiling image v0.25.6
   Compiling windows_x86_64_msvc v0.52.6
   Compiling stylo v0.16.0
   Compiling tendril v0.5.0
   Compiling iced_debug v0.15.0-dev (C:\Users\mark_\Code\repos\graphshell\vendor\iced\debug)
   Compiling peniko v0.6.0
   Compiling guillotiere v0.7.0
   Compiling malloc_size_of_derive v0.1.3
   Compiling arrayref v0.3.9
   Compiling strict-num v0.1.1
   Compiling heck v0.5.0
   Compiling tiny-skia-path v0.11.4
   Compiling skrifa v0.42.1
   Compiling stylo_traits v0.16.0
   Compiling markup5ever v0.39.0
   Compiling strum_macros v0.28.0
   Compiling stylo_dom v0.16.0
   Compiling etagere v0.2.15
   Compiling swash v0.2.7
   Compiling stylo_derive v0.16.0
   Compiling itertools v0.14.0
   Compiling uluru v3.1.0
   Compiling encoding_rs v0.8.35
   Compiling vello_encoding v0.8.0 (https://github.com/linebender/vello?branch=main#ac0a35b4)
   Compiling wgpu-core-deps-windows-linux-android v28.0.0
   Compiling stylo_static_prefs v0.16.0
   Compiling mime v0.3.17
   Compiling lru v0.16.4
   Compiling gpu-allocator v0.28.0
   Compiling atomic_refcell v0.1.14
   Compiling grid v1.0.1
   Compiling num_cpus v1.17.0
   Compiling byteorder v1.5.0
   Compiling strum v0.28.0
   Compiling wgpu-naga-bridge v29.0.3
   Compiling taffy v0.10.1
   Compiling cosmic-text v0.18.2
   Compiling softbuffer v0.4.8
   Compiling windows-targets v0.53.5
   Compiling tiny-skia v0.11.4
   Compiling windows-targets v0.52.6
   Compiling harfrust v0.6.0
   Compiling vello_shaders v0.8.0 (https://github.com/linebender/vello?branch=main#ac0a35b4)
   Compiling iced_graphics v0.15.0-dev (C:\Users\mark_\Code\repos\graphshell\vendor\iced\graphics)
   Compiling fontique v0.9.0
   Compiling parley_data v0.9.0
   Compiling guillotiere v0.6.2
   Compiling keyboard-types v0.7.0
   Compiling http v1.4.0
   Compiling png v0.18.1
   Compiling futures-intrusive v0.5.0
   Compiling kurbo v0.10.4
   Compiling winit v0.30.8 (https://github.com/iced-rs/winit.git?rev=05b8ff17a06562f0a10bb46e6eaacbe2a95cb5ed#05b8ff17)
   Compiling pollster v0.4.0
   Compiling error-code v3.3.2
   Compiling utf8-width v0.1.8
   Compiling clipboard-win v5.4.1
   Compiling html-escape v0.2.13
   Compiling blitz-traits v0.3.0-alpha.2
   Compiling parley v0.9.0
   Compiling windows-sys v0.52.0
   Compiling windows-sys v0.60.2
   Compiling iced_tiny_skia v0.15.0-dev (C:\Users\mark_\Code\repos\graphshell\vendor\iced\tiny_skia)
   Compiling fontique v0.8.0
   Compiling iced_runtime v0.15.0-dev (C:\Users\mark_\Code\repos\graphshell\vendor\iced\runtime)
   Compiling wgpu-core-deps-windows-linux-android v29.0.3
   Compiling parley_data v0.8.0
   Compiling thread_local v1.1.9
   Compiling dpi v0.1.1 (https://github.com/iced-rs/winit.git?rev=05b8ff17a06562f0a10bb46e6eaacbe2a95cb5ed#05b8ff17)
   Compiling debug_timer v0.1.3
   Compiling parley v0.8.0
   Compiling iced_program v0.15.0-dev (C:\Users\mark_\Code\repos\graphshell\vendor\iced\program)
   Compiling xml5ever v0.39.0
   Compiling arboard v3.6.1
   Compiling html5ever v0.39.0
   Compiling cryoglyph v0.1.0 (https://github.com/iced-rs/cryoglyph.git?rev=1d68895e9c4c9b73739f826e81c2e3012c155cce#1d68895e)
   Compiling middlenet-core v0.0.1 (C:\Users\mark_\Code\repos\graphshell\crates\middlenet-core)
   Compiling middlenet-render v0.0.1 (C:\Users\mark_\Code\repos\graphshell\crates\middlenet-render)
   Compiling iced_winit v0.15.0-dev (C:\Users\mark_\Code\repos\graphshell\vendor\iced\winit)
   Compiling netrender_device v0.0.1 (C:\Users\mark_\Code\repos\webrender-wgpu\netrender_device)
   Compiling vello v0.8.0 (https://github.com/linebender/vello?branch=main#ac0a35b4)
   Compiling iced_wgpu v0.15.0-dev (C:\Users\mark_\Code\repos\graphshell\vendor\iced\wgpu)
   Compiling netrender v0.0.1 (C:\Users\mark_\Code\repos\webrender-wgpu\netrender)
error[E0308]: arguments to this function are incorrect
   --> C:\Users\mark_\Code\repos\graphshell\vendor\iced\wgpu\src\text.rs:130:24
    |
130 |                 atlas: cryoglyph::TextAtlas::with_color_mode(
    |                        ^^^^^^^^^^^^^^^^^^^^^^^^^^^^^^^^^^^^^
131 |                     device, queue, state, format, COLOR_MODE,
    |                     ------  -----         ------ expected `TextureFormat`, found a different `TextureFormat`
    |                     |       |
    |                     |       expected `wgpu::api::queue::Queue`, found `wgpu::Queue`
    |                     expected `wgpu::api::device::Device`, found `wgpu::Device`
    |
note: two different versions of crate `wgpu` are being used; two types coming from two different versions of the same crate are different types even if they look the same
   --> C:\Users\mark_\.cargo\registry\src\index.crates.io-1949cf8c6b5b557f\wgpu-29.0.3\src\api\device.rs:20:1
    |
 20 | pub struct Device {
    | ^^^^^^^^^^^^^^^^^ this is the found type `wgpu::Device`
    |
   ::: C:\Users\mark_\.cargo\registry\src\index.crates.io-1949cf8c6b5b557f\wgpu-28.0.0\src\api\device.rs:20:1
    |
 20 | pub struct Device {
    | ^^^^^^^^^^^^^^^^^ this is the expected type `wgpu::api::device::Device`
    |
   ::: C:\Users\mark_\Code\repos\graphshell\vendor\iced\wgpu\src\text.rs:16:19
    |
 16 | const COLOR_MODE: cryoglyph::ColorMode = if color::GAMMA_CORRECTION {
    |                   --------- one version of crate `wgpu` used here, as a dependency of crate `cryoglyph`
    |
   ::: C:\Users\mark_\Code\repos\graphshell\vendor\iced\wgpu\src\window.rs:5:9
    |
  5 | pub use wgpu::Surface;
    |         ---- one version of crate `wgpu` used here, as a direct dependency of the current crate
    = help: you can use `cargo tree` to explore your dependency tree
note: two different versions of crate `wgpu` are being used; two types coming from two different versions of the same crate are different types even if they look the same
   --> C:\Users\mark_\.cargo\registry\src\index.crates.io-1949cf8c6b5b557f\wgpu-29.0.3\src\api\queue.rs:14:1
    |
 14 | pub struct Queue {
    | ^^^^^^^^^^^^^^^^ this is the found type `wgpu::Queue`
    |
   ::: C:\Users\mark_\.cargo\registry\src\index.crates.io-1949cf8c6b5b557f\wgpu-28.0.0\src\api\queue.rs:14:1
    |
 14 | pub struct Queue {
    | ^^^^^^^^^^^^^^^^ this is the expected type `wgpu::api::queue::Queue`
    |
   ::: C:\Users\mark_\Code\repos\graphshell\vendor\iced\wgpu\src\text.rs:16:19
    |
 16 | const COLOR_MODE: cryoglyph::ColorMode = if color::GAMMA_CORRECTION {
    |                   --------- one version of crate `wgpu` used here, as a dependency of crate `cryoglyph`
    |
   ::: C:\Users\mark_\Code\repos\graphshell\vendor\iced\wgpu\src\window.rs:5:9
    |
  5 | pub use wgpu::Surface;
    |         ---- one version of crate `wgpu` used here, as a direct dependency of the current crate
    = help: you can use `cargo tree` to explore your dependency tree
note: two different versions of crate `wgpu_types` are being used; two types coming from two different versions of the same crate are different types even if they look the same
   --> C:\Users\mark_\.cargo\registry\src\index.crates.io-1949cf8c6b5b557f\wgpu-types-29.0.3\src\texture\format.rs:125:1
    |
125 | pub enum TextureFormat {
    | ^^^^^^^^^^^^^^^^^^^^^^ this is the found type `TextureFormat`
    |
   ::: C:\Users\mark_\.cargo\registry\src\index.crates.io-1949cf8c6b5b557f\wgpu-types-28.0.0\src\texture\format.rs:86:1
    |
 86 | pub enum TextureFormat {
    | ^^^^^^^^^^^^^^^^^^^^^^ this is the expected type `wgpu_types::texture::format::TextureFormat`
    |
   ::: C:\Users\mark_\Code\repos\graphshell\vendor\iced\wgpu\src\text.rs:16:19
    |
 16 | const COLOR_MODE: cryoglyph::ColorMode = if color::GAMMA_CORRECTION {
    |                   --------- one version of crate `wgpu_types` used here, as a dependency of crate `wgpu_hal`
    |
   ::: C:\Users\mark_\Code\repos\graphshell\vendor\iced\wgpu\src\window.rs:5:9
    |
  5 | pub use wgpu::Surface;
    |         ---- one version of crate `wgpu_types` used here, as a dependency of crate `wgpu_hal`
    = help: you can use `cargo tree` to explore your dependency tree
note: associated function defined here
   --> C:\Users\mark_\.cargo\git\checkouts\cryoglyph-4876178789e7f49e\1d68895\src\text_atlas.rs:260:12
    |
260 |     pub fn with_color_mode(
    |            ^^^^^^^^^^^^^^^

error[E0308]: arguments to this function are incorrect
   --> C:\Users\mark_\Code\repos\graphshell\vendor\iced\wgpu\src\text.rs:174:36
    |
174 |                 let mut renderer = cryoglyph::TextRenderer::new(
    |                                    ^^^^^^^^^^^^^^^^^^^^^^^^^^^^
175 |                     &mut group.atlas,
176 |                     device,
    |                     ------ expected `wgpu::api::device::Device`, found `wgpu::Device`
177 |                     wgpu::MultisampleState::default(),
    |                     --------------------------------- expected `wgpu_types::render::MultisampleState`, found `MultisampleState`
    |
note: two different versions of crate `wgpu` are being used; two types coming from two different versions of the same crate are different types even if they look the same
   --> C:\Users\mark_\.cargo\registry\src\index.crates.io-1949cf8c6b5b557f\wgpu-29.0.3\src\api\device.rs:20:1
    |
 20 | pub struct Device {
    | ^^^^^^^^^^^^^^^^^ this is the found type `wgpu::Device`
    |
   ::: C:\Users\mark_\.cargo\registry\src\index.crates.io-1949cf8c6b5b557f\wgpu-28.0.0\src\api\device.rs:20:1
    |
 20 | pub struct Device {
    | ^^^^^^^^^^^^^^^^^ this is the expected type `wgpu::api::device::Device`
    |
   ::: C:\Users\mark_\Code\repos\graphshell\vendor\iced\wgpu\src\text.rs:16:19
    |
 16 | const COLOR_MODE: cryoglyph::ColorMode = if color::GAMMA_CORRECTION {
    |                   --------- one version of crate `wgpu` used here, as a dependency of crate `cryoglyph`
    |
   ::: C:\Users\mark_\Code\repos\graphshell\vendor\iced\wgpu\src\window.rs:5:9
    |
  5 | pub use wgpu::Surface;
    |         ---- one version of crate `wgpu` used here, as a direct dependency of the current crate
    = help: you can use `cargo tree` to explore your dependency tree
note: two different versions of crate `wgpu_types` are being used; two types coming from two different versions of the same crate are different types even if they look the same
   --> C:\Users\mark_\.cargo\registry\src\index.crates.io-1949cf8c6b5b557f\wgpu-types-29.0.3\src\render.rs:415:1
    |
415 | pub struct MultisampleState {
    | ^^^^^^^^^^^^^^^^^^^^^^^^^^^ this is the found type `MultisampleState`
    |
   ::: C:\Users\mark_\.cargo\registry\src\index.crates.io-1949cf8c6b5b557f\wgpu-types-28.0.0\src\render.rs:405:1
    |
405 | pub struct MultisampleState {
    | ^^^^^^^^^^^^^^^^^^^^^^^^^^^ this is the expected type `wgpu_types::render::MultisampleState`
    |
   ::: C:\Users\mark_\Code\repos\graphshell\vendor\iced\wgpu\src\text.rs:16:19
    |
 16 | const COLOR_MODE: cryoglyph::ColorMode = if color::GAMMA_CORRECTION {
    |                   --------- one version of crate `wgpu_types` used here, as a dependency of crate `wgpu_hal`
    |
   ::: C:\Users\mark_\Code\repos\graphshell\vendor\iced\wgpu\src\window.rs:5:9
    |
  5 | pub use wgpu::Surface;
    |         ---- one version of crate `wgpu_types` used here, as a dependency of crate `wgpu_hal`
    = help: you can use `cargo tree` to explore your dependency tree
note: associated function defined here
   --> C:\Users\mark_\.cargo\git\checkouts\cryoglyph-4876178789e7f49e\1d68895\src\text_render.rs:25:12
    |
 25 |     pub fn new(
    |            ^^^

error[E0308]: mismatched types
   --> C:\Users\mark_\Code\repos\graphshell\vendor\iced\wgpu\src\text.rs:261:13
    |
260 |         self.0.update(
    |                ------ arguments to this method are incorrect
261 |             queue,
    |             ^^^^^ expected `wgpu::api::queue::Queue`, found `wgpu::Queue`
    |
note: two different versions of crate `wgpu` are being used; two types coming from two different versions of the same crate are different types even if they look the same
   --> C:\Users\mark_\.cargo\registry\src\index.crates.io-1949cf8c6b5b557f\wgpu-29.0.3\src\api\queue.rs:14:1
    |
 14 | pub struct Queue {
    | ^^^^^^^^^^^^^^^^ this is the found type `wgpu::Queue`
    |
   ::: C:\Users\mark_\.cargo\registry\src\index.crates.io-1949cf8c6b5b557f\wgpu-28.0.0\src\api\queue.rs:14:1
    |
 14 | pub struct Queue {
    | ^^^^^^^^^^^^^^^^ this is the expected type `wgpu::api::queue::Queue`
    |
   ::: C:\Users\mark_\Code\repos\graphshell\vendor\iced\wgpu\src\text.rs:16:19
    |
 16 | const COLOR_MODE: cryoglyph::ColorMode = if color::GAMMA_CORRECTION {
    |                   --------- one version of crate `wgpu` used here, as a dependency of crate `cryoglyph`
    |
   ::: C:\Users\mark_\Code\repos\graphshell\vendor\iced\wgpu\src\window.rs:5:9
    |
  5 | pub use wgpu::Surface;
    |         ---- one version of crate `wgpu` used here, as a direct dependency of the current crate
    = help: you can use `cargo tree` to explore your dependency tree
note: method defined here
   --> C:\Users\mark_\.cargo\git\checkouts\cryoglyph-4876178789e7f49e\1d68895\src\viewport.rs:41:12
    |
 41 |     pub fn update(&mut self, queue: &Queue, resolution: Resolution) {
    |            ^^^^^^

error[E0308]: mismatched types
   --> C:\Users\mark_\Code\repos\graphshell\vendor\iced\wgpu\src\text.rs:279:43
    |
279 |         let cache = cryoglyph::Cache::new(device);
    |                     --------------------- ^^^^^^ expected `wgpu::api::device::Device`, found `wgpu::Device`
    |                     |
    |                     arguments to this function are incorrect
    |
note: two different versions of crate `wgpu` are being used; two types coming from two different versions of the same crate are different types even if they look the same
   --> C:\Users\mark_\.cargo\registry\src\index.crates.io-1949cf8c6b5b557f\wgpu-29.0.3\src\api\device.rs:20:1
    |
 20 | pub struct Device {
    | ^^^^^^^^^^^^^^^^^ this is the found type `wgpu::Device`
    |
   ::: C:\Users\mark_\.cargo\registry\src\index.crates.io-1949cf8c6b5b557f\wgpu-28.0.0\src\api\device.rs:20:1
    |
 20 | pub struct Device {
    | ^^^^^^^^^^^^^^^^^ this is the expected type `wgpu::api::device::Device`
    |
   ::: C:\Users\mark_\Code\repos\graphshell\vendor\iced\wgpu\src\text.rs:16:19
    |
 16 | const COLOR_MODE: cryoglyph::ColorMode = if color::GAMMA_CORRECTION {
    |                   --------- one version of crate `wgpu` used here, as a dependency of crate `cryoglyph`
    |
   ::: C:\Users\mark_\Code\repos\graphshell\vendor\iced\wgpu\src\window.rs:5:9
    |
  5 | pub use wgpu::Surface;
    |         ---- one version of crate `wgpu` used here, as a direct dependency of the current crate
    = help: you can use `cargo tree` to explore your dependency tree
note: associated function defined here
   --> C:\Users\mark_\.cargo\git\checkouts\cryoglyph-4876178789e7f49e\1d68895\src\cache.rs:40:12
    |
 40 |     pub fn new(device: &Device) -> Self {
    |            ^^^

error[E0308]: arguments to this function are incorrect
   --> C:\Users\mark_\Code\repos\graphshell\vendor\iced\wgpu\src\text.rs:281:13
    |
281 |             cryoglyph::TextAtlas::with_color_mode(device, queue, &cache, format, COLOR_MODE);
    |             ^^^^^^^^^^^^^^^^^^^^^^^^^^^^^^^^^^^^^ ------  -----          ------ expected `TextureFormat`, found a different `TextureFormat`
    |                                                   |       |
    |                                                   |       expected `wgpu::api::queue::Queue`, found `wgpu::Queue`
    |                                                   expected `wgpu::api::device::Device`, found `wgpu::Device`
    |
note: two different versions of crate `wgpu` are being used; two types coming from two different versions of the same crate are different types even if they look the same
   --> C:\Users\mark_\.cargo\registry\src\index.crates.io-1949cf8c6b5b557f\wgpu-29.0.3\src\api\device.rs:20:1
    |
 20 | pub struct Device {
    | ^^^^^^^^^^^^^^^^^ this is the found type `wgpu::Device`
    |
   ::: C:\Users\mark_\.cargo\registry\src\index.crates.io-1949cf8c6b5b557f\wgpu-28.0.0\src\api\device.rs:20:1
    |
 20 | pub struct Device {
    | ^^^^^^^^^^^^^^^^^ this is the expected type `wgpu::api::device::Device`
    |
   ::: C:\Users\mark_\Code\repos\graphshell\vendor\iced\wgpu\src\text.rs:16:19
    |
 16 | const COLOR_MODE: cryoglyph::ColorMode = if color::GAMMA_CORRECTION {
    |                   --------- one version of crate `wgpu` used here, as a dependency of crate `cryoglyph`
    |
   ::: C:\Users\mark_\Code\repos\graphshell\vendor\iced\wgpu\src\window.rs:5:9
    |
  5 | pub use wgpu::Surface;
    |         ---- one version of crate `wgpu` used here, as a direct dependency of the current crate
    = help: you can use `cargo tree` to explore your dependency tree
note: two different versions of crate `wgpu` are being used; two types coming from two different versions of the same crate are different types even if they look the same
   --> C:\Users\mark_\.cargo\registry\src\index.crates.io-1949cf8c6b5b557f\wgpu-29.0.3\src\api\queue.rs:14:1
    |
 14 | pub struct Queue {
    | ^^^^^^^^^^^^^^^^ this is the found type `wgpu::Queue`
    |
   ::: C:\Users\mark_\.cargo\registry\src\index.crates.io-1949cf8c6b5b557f\wgpu-28.0.0\src\api\queue.rs:14:1
    |
 14 | pub struct Queue {
    | ^^^^^^^^^^^^^^^^ this is the expected type `wgpu::api::queue::Queue`
    |
   ::: C:\Users\mark_\Code\repos\graphshell\vendor\iced\wgpu\src\text.rs:16:19
    |
 16 | const COLOR_MODE: cryoglyph::ColorMode = if color::GAMMA_CORRECTION {
    |                   --------- one version of crate `wgpu` used here, as a dependency of crate `cryoglyph`
    |
   ::: C:\Users\mark_\Code\repos\graphshell\vendor\iced\wgpu\src\window.rs:5:9
    |
  5 | pub use wgpu::Surface;
    |         ---- one version of crate `wgpu` used here, as a direct dependency of the current crate
    = help: you can use `cargo tree` to explore your dependency tree
note: two different versions of crate `wgpu_types` are being used; two types coming from two different versions of the same crate are different types even if they look the same
   --> C:\Users\mark_\.cargo\registry\src\index.crates.io-1949cf8c6b5b557f\wgpu-types-29.0.3\src\texture\format.rs:125:1
    |
125 | pub enum TextureFormat {
    | ^^^^^^^^^^^^^^^^^^^^^^ this is the found type `TextureFormat`
    |
   ::: C:\Users\mark_\.cargo\registry\src\index.crates.io-1949cf8c6b5b557f\wgpu-types-28.0.0\src\texture\format.rs:86:1
    |
 86 | pub enum TextureFormat {
    | ^^^^^^^^^^^^^^^^^^^^^^ this is the expected type `wgpu_types::texture::format::TextureFormat`
    |
   ::: C:\Users\mark_\Code\repos\graphshell\vendor\iced\wgpu\src\text.rs:16:19
    |
 16 | const COLOR_MODE: cryoglyph::ColorMode = if color::GAMMA_CORRECTION {
    |                   --------- one version of crate `wgpu_types` used here, as a dependency of crate `wgpu_hal`
    |
   ::: C:\Users\mark_\Code\repos\graphshell\vendor\iced\wgpu\src\window.rs:5:9
    |
  5 | pub use wgpu::Surface;
    |         ---- one version of crate `wgpu_types` used here, as a dependency of crate `wgpu_hal`
    = help: you can use `cargo tree` to explore your dependency tree
note: associated function defined here
   --> C:\Users\mark_\.cargo\git\checkouts\cryoglyph-4876178789e7f49e\1d68895\src\text_atlas.rs:260:12
    |
260 |     pub fn with_color_mode(
    |            ^^^^^^^^^^^^^^^

error[E0308]: mismatched types
   --> C:\Users\mark_\Code\repos\graphshell\vendor\iced\wgpu\src\text.rs:291:43
    |
291 |         Viewport(cryoglyph::Viewport::new(device, &self.cache))
    |                  ------------------------ ^^^^^^ expected `wgpu::api::device::Device`, found `wgpu::Device`
    |                  |
    |                  arguments to this function are incorrect
    |
note: two different versions of crate `wgpu` are being used; two types coming from two different versions of the same crate are different types even if they look the same
   --> C:\Users\mark_\.cargo\registry\src\index.crates.io-1949cf8c6b5b557f\wgpu-29.0.3\src\api\device.rs:20:1
    |
 20 | pub struct Device {
    | ^^^^^^^^^^^^^^^^^ this is the found type `wgpu::Device`
    |
   ::: C:\Users\mark_\.cargo\registry\src\index.crates.io-1949cf8c6b5b557f\wgpu-28.0.0\src\api\device.rs:20:1
    |
 20 | pub struct Device {
    | ^^^^^^^^^^^^^^^^^ this is the expected type `wgpu::api::device::Device`
    |
   ::: C:\Users\mark_\Code\repos\graphshell\vendor\iced\wgpu\src\text.rs:16:19
    |
 16 | const COLOR_MODE: cryoglyph::ColorMode = if color::GAMMA_CORRECTION {
    |                   --------- one version of crate `wgpu` used here, as a dependency of crate `cryoglyph`
    |
   ::: C:\Users\mark_\Code\repos\graphshell\vendor\iced\wgpu\src\window.rs:5:9
    |
  5 | pub use wgpu::Surface;
    |         ---- one version of crate `wgpu` used here, as a direct dependency of the current crate
    = help: you can use `cargo tree` to explore your dependency tree
note: associated function defined here
   --> C:\Users\mark_\.cargo\git\checkouts\cryoglyph-4876178789e7f49e\1d68895\src\viewport.rs:16:12
    |
 16 |     pub fn new(device: &Device, cache: &Cache) -> Self {
    |            ^^^

error[E0308]: arguments to this function are incorrect
   --> C:\Users\mark_\Code\repos\graphshell\vendor\iced\wgpu\src\text.rs:332:45
    |
332 |                         self.renderers.push(cryoglyph::TextRenderer::new(
    |                                             ^^^^^^^^^^^^^^^^^^^^^^^^^^^^
333 |                             &mut atlas,
334 |                             device,
    |                             ------ expected `wgpu::api::device::Device`, found `wgpu::Device`
335 |                             wgpu::MultisampleState::default(),
    |                             --------------------------------- expected `wgpu_types::render::MultisampleState`, found `MultisampleState`
    |
note: two different versions of crate `wgpu` are being used; two types coming from two different versions of the same crate are different types even if they look the same
   --> C:\Users\mark_\.cargo\registry\src\index.crates.io-1949cf8c6b5b557f\wgpu-29.0.3\src\api\device.rs:20:1
    |
 20 | pub struct Device {
    | ^^^^^^^^^^^^^^^^^ this is the found type `wgpu::Device`
    |
   ::: C:\Users\mark_\.cargo\registry\src\index.crates.io-1949cf8c6b5b557f\wgpu-28.0.0\src\api\device.rs:20:1
    |
 20 | pub struct Device {
    | ^^^^^^^^^^^^^^^^^ this is the expected type `wgpu::api::device::Device`
    |
   ::: C:\Users\mark_\Code\repos\graphshell\vendor\iced\wgpu\src\text.rs:16:19
    |
 16 | const COLOR_MODE: cryoglyph::ColorMode = if color::GAMMA_CORRECTION {
    |                   --------- one version of crate `wgpu` used here, as a dependency of crate `cryoglyph`
    |
   ::: C:\Users\mark_\Code\repos\graphshell\vendor\iced\wgpu\src\window.rs:5:9
    |
  5 | pub use wgpu::Surface;
    |         ---- one version of crate `wgpu` used here, as a direct dependency of the current crate
    = help: you can use `cargo tree` to explore your dependency tree
note: two different versions of crate `wgpu_types` are being used; two types coming from two different versions of the same crate are different types even if they look the same
   --> C:\Users\mark_\.cargo\registry\src\index.crates.io-1949cf8c6b5b557f\wgpu-types-29.0.3\src\render.rs:415:1
    |
415 | pub struct MultisampleState {
    | ^^^^^^^^^^^^^^^^^^^^^^^^^^^ this is the found type `MultisampleState`
    |
   ::: C:\Users\mark_\.cargo\registry\src\index.crates.io-1949cf8c6b5b557f\wgpu-types-28.0.0\src\render.rs:405:1
    |
405 | pub struct MultisampleState {
    | ^^^^^^^^^^^^^^^^^^^^^^^^^^^ this is the expected type `wgpu_types::render::MultisampleState`
    |
   ::: C:\Users\mark_\Code\repos\graphshell\vendor\iced\wgpu\src\text.rs:16:19
    |
 16 | const COLOR_MODE: cryoglyph::ColorMode = if color::GAMMA_CORRECTION {
    |                   --------- one version of crate `wgpu_types` used here, as a dependency of crate `wgpu_hal`
    |
   ::: C:\Users\mark_\Code\repos\graphshell\vendor\iced\wgpu\src\window.rs:5:9
    |
  5 | pub use wgpu::Surface;
    |         ---- one version of crate `wgpu_types` used here, as a dependency of crate `wgpu_hal`
    = help: you can use `cargo tree` to explore your dependency tree
note: associated function defined here
   --> C:\Users\mark_\.cargo\git\checkouts\cryoglyph-4876178789e7f49e\1d68895\src\text_render.rs:25:12
    |
 25 |     pub fn new(
    |            ^^^

error[E0308]: mismatched types
   --> C:\Users\mark_\Code\repos\graphshell\vendor\iced\wgpu\src\text.rs:405:54
    |
405 |                         .render(&atlas, &viewport.0, render_pass)
    |                          ------                      ^^^^^^^^^^^ expected `wgpu::api::render_pass::RenderPass<'_>`, found `wgpu::RenderPass<'a>`
    |                          |
    |                          arguments to this method are incorrect
    |
note: two different versions of crate `wgpu` are being used; two types coming from two different versions of the same crate are different types even if they look the same
   --> C:\Users\mark_\.cargo\registry\src\index.crates.io-1949cf8c6b5b557f\wgpu-29.0.3\src\api\render_pass.rs:28:1
    |
 28 | pub struct RenderPass<'encoder> {
    | ^^^^^^^^^^^^^^^^^^^^^^^^^^^^^^^ this is the found type `wgpu::RenderPass`
    |
   ::: C:\Users\mark_\.cargo\registry\src\index.crates.io-1949cf8c6b5b557f\wgpu-28.0.0\src\api\render_pass.rs:28:1
    |
 28 | pub struct RenderPass<'encoder> {
    | ^^^^^^^^^^^^^^^^^^^^^^^^^^^^^^^ this is the expected type `wgpu::api::render_pass::RenderPass`
    |
   ::: C:\Users\mark_\Code\repos\graphshell\vendor\iced\wgpu\src\text.rs:16:19
    |
 16 | const COLOR_MODE: cryoglyph::ColorMode = if color::GAMMA_CORRECTION {
    |                   --------- one version of crate `wgpu` used here, as a dependency of crate `cryoglyph`
    |
   ::: C:\Users\mark_\Code\repos\graphshell\vendor\iced\wgpu\src\window.rs:5:9
    |
  5 | pub use wgpu::Surface;
    |         ---- one version of crate `wgpu` used here, as a direct dependency of the current crate
    = help: you can use `cargo tree` to explore your dependency tree
note: method defined here
   --> C:\Users\mark_\.cargo\git\checkouts\cryoglyph-4876178789e7f49e\1d68895\src\text_render.rs:347:12
    |
347 |     pub fn render(
    |            ^^^^^^

error[E0308]: mismatched types
   --> C:\Users\mark_\Code\repos\graphshell\vendor\iced\wgpu\src\text.rs:414:57
    |
414 | ...                   .render(atlas, &viewport.0, render_pass)
    |                        ------                     ^^^^^^^^^^^ expected `wgpu::api::render_pass::RenderPass<'_>`, found `wgpu::RenderPass<'a>`
    |                        |
    |                        arguments to this method are incorrect
    |
note: two different versions of crate `wgpu` are being used; two types coming from two different versions of the same crate are different types even if they look the same
   --> C:\Users\mark_\.cargo\registry\src\index.crates.io-1949cf8c6b5b557f\wgpu-29.0.3\src\api\render_pass.rs:28:1
    |
 28 | pub struct RenderPass<'encoder> {
    | ^^^^^^^^^^^^^^^^^^^^^^^^^^^^^^^ this is the found type `wgpu::RenderPass`
    |
   ::: C:\Users\mark_\.cargo\registry\src\index.crates.io-1949cf8c6b5b557f\wgpu-28.0.0\src\api\render_pass.rs:28:1
    |
 28 | pub struct RenderPass<'encoder> {
    | ^^^^^^^^^^^^^^^^^^^^^^^^^^^^^^^ this is the expected type `wgpu::api::render_pass::RenderPass`
    |
   ::: C:\Users\mark_\Code\repos\graphshell\vendor\iced\wgpu\src\text.rs:16:19
    |
 16 | const COLOR_MODE: cryoglyph::ColorMode = if color::GAMMA_CORRECTION {
    |                   --------- one version of crate `wgpu` used here, as a dependency of crate `cryoglyph`
    |
   ::: C:\Users\mark_\Code\repos\graphshell\vendor\iced\wgpu\src\window.rs:5:9
    |
  5 | pub use wgpu::Surface;
    |         ---- one version of crate `wgpu` used here, as a direct dependency of the current crate
    = help: you can use `cargo tree` to explore your dependency tree
note: method defined here
   --> C:\Users\mark_\.cargo\git\checkouts\cryoglyph-4876178789e7f49e\1d68895\src\text_render.rs:347:12
    |
347 |     pub fn render(
    |            ^^^^^^

error[E0560]: struct `TextArea<'_>` has no field named `text`
   --> C:\Users\mark_\Code\repos\graphshell\vendor\iced\wgpu\src\text.rs:625:17
    |
625 |                 text: buffer.layout_runs(),
    |                 ^^^^ `TextArea<'_>` does not have this field
    |
    = note: available fields are: `buffer`

error[E0308]: arguments to this method are incorrect
   --> C:\Users\mark_\Code\repos\graphshell\vendor\iced\wgpu\src\text.rs:639:14
    |
639 |     renderer.prepare(
    |              ^^^^^^^
640 |         device,
    |         ------ expected `wgpu::api::device::Device`, found `wgpu::Device`
641 |         queue,
    |         ----- expected `wgpu::api::queue::Queue`, found `wgpu::Queue`
642 |         encoder,
    |         ------- expected `CommandEncoder`, found `wgpu::CommandEncoder`
    |
note: two different versions of crate `wgpu` are being used; two types coming from two different versions of the same crate are different types even if they look the same
   --> C:\Users\mark_\.cargo\registry\src\index.crates.io-1949cf8c6b5b557f\wgpu-29.0.3\src\api\device.rs:20:1
    |
 20 | pub struct Device {
    | ^^^^^^^^^^^^^^^^^ this is the found type `wgpu::Device`
    |
   ::: C:\Users\mark_\.cargo\registry\src\index.crates.io-1949cf8c6b5b557f\wgpu-28.0.0\src\api\device.rs:20:1
    |
 20 | pub struct Device {
    | ^^^^^^^^^^^^^^^^^ this is the expected type `wgpu::api::device::Device`
    |
   ::: C:\Users\mark_\Code\repos\graphshell\vendor\iced\wgpu\src\text.rs:16:19
    |
 16 | const COLOR_MODE: cryoglyph::ColorMode = if color::GAMMA_CORRECTION {
    |                   --------- one version of crate `wgpu` used here, as a dependency of crate `cryoglyph`
    |
   ::: C:\Users\mark_\Code\repos\graphshell\vendor\iced\wgpu\src\window.rs:5:9
    |
  5 | pub use wgpu::Surface;
    |         ---- one version of crate `wgpu` used here, as a direct dependency of the current crate
    = help: you can use `cargo tree` to explore your dependency tree
note: two different versions of crate `wgpu` are being used; two types coming from two different versions of the same crate are different types even if they look the same
   --> C:\Users\mark_\.cargo\registry\src\index.crates.io-1949cf8c6b5b557f\wgpu-29.0.3\src\api\queue.rs:14:1
    |
 14 | pub struct Queue {
    | ^^^^^^^^^^^^^^^^ this is the found type `wgpu::Queue`
    |
   ::: C:\Users\mark_\.cargo\registry\src\index.crates.io-1949cf8c6b5b557f\wgpu-28.0.0\src\api\queue.rs:14:1
    |
 14 | pub struct Queue {
    | ^^^^^^^^^^^^^^^^ this is the expected type `wgpu::api::queue::Queue`
    |
   ::: C:\Users\mark_\Code\repos\graphshell\vendor\iced\wgpu\src\text.rs:16:19
    |
 16 | const COLOR_MODE: cryoglyph::ColorMode = if color::GAMMA_CORRECTION {
    |                   --------- one version of crate `wgpu` used here, as a dependency of crate `cryoglyph`
    |
   ::: C:\Users\mark_\Code\repos\graphshell\vendor\iced\wgpu\src\window.rs:5:9
    |
  5 | pub use wgpu::Surface;
    |         ---- one version of crate `wgpu` used here, as a direct dependency of the current crate
    = help: you can use `cargo tree` to explore your dependency tree
note: two different versions of crate `wgpu` are being used; two types coming from two different versions of the same crate are different types even if they look the same
   --> C:\Users\mark_\.cargo\registry\src\index.crates.io-1949cf8c6b5b557f\wgpu-29.0.3\src\api\command_encoder.rs:22:1
    |
 22 | pub struct CommandEncoder {
    | ^^^^^^^^^^^^^^^^^^^^^^^^^ this is the found type `wgpu::CommandEncoder`
    |
   ::: C:\Users\mark_\.cargo\registry\src\index.crates.io-1949cf8c6b5b557f\wgpu-28.0.0\src\api\command_encoder.rs:22:1
    |
 22 | pub struct CommandEncoder {
    | ^^^^^^^^^^^^^^^^^^^^^^^^^ this is the expected type `wgpu::api::command_encoder::CommandEncoder`
    |
   ::: C:\Users\mark_\Code\repos\graphshell\vendor\iced\wgpu\src\text.rs:16:19
    |
 16 | const COLOR_MODE: cryoglyph::ColorMode = if color::GAMMA_CORRECTION {
    |                   --------- one version of crate `wgpu` used here, as a dependency of crate `cryoglyph`
    |
   ::: C:\Users\mark_\Code\repos\graphshell\vendor\iced\wgpu\src\window.rs:5:9
    |
  5 | pub use wgpu::Surface;
    |         ---- one version of crate `wgpu` used here, as a direct dependency of the current crate
    = help: you can use `cargo tree` to explore your dependency tree
note: method defined here
   --> C:\Users\mark_\.cargo\git\checkouts\cryoglyph-4876178789e7f49e\1d68895\src\text_render.rs:322:12
    |
322 |     pub fn prepare<'a>(
    |            ^^^^^^^

Some errors have detailed explanations: E0308, E0560.
For more information about an error, try `rustc --explain E0308`.
error: could not compile `iced_wgpu` (lib) due to 11 previous errors
warning: build failed, waiting for other jobs to finish...
